#
# A fatal error has been detected by the Java Runtime Environment:
#
#  SIGSEGV (0xb) at pc=0x00007f36540ff319, pid=9379, tid=139870800426752
#
# JRE version: Java(TM) SE Runtime Environment (8.0_74-b02) (build 1.8.0_74-b02)
# Java VM: Java HotSpot(TM) 64-Bit Server VM (25.74-b02 mixed mode linux-amd64 compressed oops)
# Problematic frame:
# V  [libjvm.so+0x49a319]  Compile::remove_useless_nodes(Unique_Node_List&)+0x89
#
# Failed to write core dump. Core dumps have been disabled. To enable core dumping, try "ulimit -c unlimited" before starting Java again
#
# If you would like to submit a bug report, please visit:
#   http://bugreport.java.com/bugreport/crash.jsp
#

---------------  T H R E A D  ---------------

Current thread (0x00007f364c0c5800):  JavaThread "C2 CompilerThread2" daemon [_thread_in_native, id=9397, stack(0x00007f36354fb000,0x00007f36355fc000)]

siginfo: si_signo: 11 (SIGSEGV), si_code: 1 (SEGV_MAPERR), si_addr: 0x0000000400000029

Registers:
RAX=0x0000000400000001, RBX=0x00007f35f43cb0e0, RCX=0x000000000000001e, RDX=0x0000000000000110
RSP=0x00007f36355f8f30, RBP=0x00007f36355f8f80, RSI=0x0000000000000000, RDI=0x00007f35f47a2a50
R8 =0x00007f35f43cb3e8, R9 =0x0000000000000004, R10=0x00007f35f43cb3e8, R11=0x0000000000000004
R12=0x00007f36355f9a20, R13=0x0000000000000110, R14=0x00007f36355f9a30, R15=0x0000000000000001
RIP=0x00007f36540ff319, EFLAGS=0x0000000000010246, CSGSFS=0x0000000000000033, ERR=0x0000000000000004
  TRAPNO=0x000000000000000e

Top of Stack: (sp=0x00007f36355f8f30)
0x00007f36355f8f30:   00007f36355f9c50 00007f365454fd87
0x00007f36355f8f40:   00007f35f43cb5f8 00007f36355f9b40
0x00007f36355f8f50:   00007f36546f9a80 0000000000000001
0x00007f36355f8f60:   00007f36355f9a20 00007f36355f9a50
0x00007f36355f8f70:   00007f36355f9050 00007f36355f9a30
0x00007f36355f8f80:   00007f36355f8fc0 00007f36545c7c68
0x00007f36355f8f90:   00007f36355f9b20 00007f36355f9b70
0x00007f36355f8fa0:   00007f35fca555f0 00007f35fca55398
0x00007f36355f8fb0:   00007f36355f9ad0 00007f3654bdf440
0x00007f36355f8fc0:   00007f36355f9be0 00007f365410831f
0x00007f36355f8fd0:   0000000000000008 00007f35fca58290
0x00007f36355f8fe0:   00007f36355fa5e8 00007f36355fa600
0x00007f36355f8ff0:   00007f364c081770 0000000000000004
0x00007f36355f9000:   0000000000000000 0000000000000000
0x00007f36355f9010:   0000000000000002 0000000000000000
0x00007f36355f9020:   00007f36355f9c50 00007f36355f9b20
0x00007f36355f9030:   ffffffff00000000 00007f364c081770
0x00007f36355f9040:   00007f36355f9de0 00007f36355fa5e8
0x00007f36355f9050:   00007f3654bbd490 0000000000000004
0x00007f36355f9060:   00007f36355f9c50 00007f36355f9de0
0x00007f36355f9070:   00007f36355f9de0 0000000000000004
0x00007f36355f9080:   00007f35f43fab80 00007f36355f9de0
0x00007f36355f9090:   0000000000001000 00007f35f5012b90
0x00007f36355f90a0:   0000000000000000 0000000000000000
0x00007f36355f90b0:   0000000000000000 0000000000000000
0x00007f36355f90c0:   0000000000000000 0000000000000000
0x00007f36355f90d0:   0000000000000000 0000000000000000
0x00007f36355f90e0:   0000000000000000 0000000000000000
0x00007f36355f90f0:   0000000000000000 0000000000000000
0x00007f36355f9100:   0000000000000000 0000000000000000
0x00007f36355f9110:   0000000000000000 0000000000000000
0x00007f36355f9120:   0000000000000000 0000000000000000 

Instructions: (pc=0x00007f36540ff319)
0x00007f36540ff2f9:   4c 89 f8 48 d3 e0 85 04 ba 74 23 83 c6 01 41 39
0x00007f36540ff309:   f1 7e 3e 4c 8b 53 10 89 f0 4d 8d 04 c2 49 8b 00
0x00007f36540ff319:   8b 48 28 89 c8 c1 e8 05 41 3b 46 30 72 c9 41 8d
0x00007f36540ff329:   43 ff 83 ee 01 41 83 e9 01 83 c6 01 89 43 20 89 

Register to memory mapping:

RAX=0x0000000400000001 is an unknown value
RBX=0x00007f35f43cb0e0 is an unknown value
RCX=0x000000000000001e is an unknown value
RDX=0x0000000000000110 is an unknown value
RSP=0x00007f36355f8f30 is pointing into the stack for thread: 0x00007f364c0c5800
RBP=0x00007f36355f8f80 is pointing into the stack for thread: 0x00007f364c0c5800
RSI=0x0000000000000000 is an unknown value
RDI=0x00007f35f47a2a50 is an unknown value
R8 =0x00007f35f43cb3e8 is an unknown value
R9 =0x0000000000000004 is an unknown value
R10=0x00007f35f43cb3e8 is an unknown value
R11=0x0000000000000004 is an unknown value
R12=0x00007f36355f9a20 is pointing into the stack for thread: 0x00007f364c0c5800
R13=0x0000000000000110 is an unknown value
R14=0x00007f36355f9a30 is pointing into the stack for thread: 0x00007f364c0c5800
R15=0x0000000000000001 is an unknown value


Stack: [0x00007f36354fb000,0x00007f36355fc000],  sp=0x00007f36355f8f30,  free space=1015k
Native frames: (J=compiled Java code, j=interpreted, Vv=VM code, C=native code)
V  [libjvm.so+0x49a319]  Compile::remove_useless_nodes(Unique_Node_List&)+0x89
V  [libjvm.so+0x962c68]  PhaseRemoveUseless::PhaseRemoveUseless(PhaseGVN*, Unique_Node_List*)+0x198
V  [libjvm.so+0x4a331f]  Compile::Compile(ciEnv*, C2Compiler*, ciMethod*, int, bool, bool, bool)+0x185f
V  [libjvm.so+0x3f0808]  C2Compiler::compile_method(ciEnv*, ciMethod*, int)+0x198
V  [libjvm.so+0x4ad37a]  CompileBroker::invoke_compiler_on_method(CompileTask*)+0xc9a
V  [libjvm.so+0x4ae326]  CompileBroker::compiler_thread_loop()+0x5d6
V  [libjvm.so+0xa69dcf]  JavaThread::thread_main_inner()+0xdf
V  [libjvm.so+0xa69efc]  JavaThread::run()+0x11c
V  [libjvm.so+0x91d9d8]  java_start(Thread*)+0x108
C  [libpthread.so.0+0x8182]  start_thread+0xc2


Current CompileTask:
C2:9114264 19399       4       org.gradle.api.internal.CompositeDomainObjectSet::iterator (18 bytes)


---------------  P R O C E S S  ---------------

Java Threads: ( => current thread )
  0x00007f354831d000 JavaThread "Forward streams with process: command '/usr/lib/jvm/java-8-oracle/bin/java' Thread 3" [_thread_in_native, id=15099, stack(0x00007f3627eff000,0x00007f3628000000)]
  0x00007f354907e000 JavaThread "Forward streams with process: command '/usr/lib/jvm/java-8-oracle/bin/java' Thread 2" [_thread_in_native, id=15098, stack(0x00007f3617afb000,0x00007f3617bfc000)]
  0x00007f354909b000 JavaThread "Forward streams with process: command '/usr/lib/jvm/java-8-oracle/bin/java'" [_thread_blocked, id=15097, stack(0x00007f3626dee000,0x00007f3626eef000)]
  0x00007f3549097800 JavaThread "process reaper" daemon [_thread_in_native, id=15095, stack(0x00007f362c4ed000,0x00007f362c526000)]
  0x00007f3549087800 JavaThread "Run command '/usr/lib/jvm/java-8-oracle/bin/java'" [_thread_blocked, id=15093, stack(0x00007f36244c5000,0x00007f36245c6000)]
  0x00007f3548016800 JavaThread "pool-35-thread-1" [_thread_blocked, id=15092, stack(0x00007f362529b000,0x00007f362539c000)]
  0x00007f35480ea000 JavaThread "Stdin handler" [_thread_blocked, id=15091, stack(0x00007f3624e25000,0x00007f3624f26000)]
  0x00007f35d8032000 JavaThread "Daemon worker Thread 25" [_thread_blocked, id=15088, stack(0x00007f362fdfe000,0x00007f362feff000)]
  0x00007f35d8024000 JavaThread "Cancel handler" [_thread_blocked, id=15087, stack(0x00007f362693f000,0x00007f3626a40000)]
  0x00007f35d8003800 JavaThread "Handler for socket connection from /127.0.0.1:35450 to /127.0.0.1:36464" [_thread_in_native, id=15086, stack(0x00007f362c963000,0x00007f362ca64000)]
  0x00007f35e401a000 JavaThread "Daemon Thread 25" [_thread_blocked, id=15085, stack(0x00007f36341bd000,0x00007f36342be000)]
  0x00007f35d4f2a800 JavaThread "File lock request listener" [_thread_in_native, id=9412, stack(0x00007f362f1fc000,0x00007f362f2fd000)]
  0x00007f364cb8c800 JavaThread "Incoming local TCP Connector on port 35450" [_thread_in_native, id=9402, stack(0x00007f36342be000,0x00007f36343bf000)]
  0x00007f364c0d3000 JavaThread "Service Thread" daemon [_thread_blocked, id=9399, stack(0x00007f36352f9000,0x00007f36353fa000)]
  0x00007f364c0c8000 JavaThread "C1 CompilerThread3" daemon [_thread_blocked, id=9398, stack(0x00007f36353fa000,0x00007f36354fb000)]
=>0x00007f364c0c5800 JavaThread "C2 CompilerThread2" daemon [_thread_in_native, id=9397, stack(0x00007f36354fb000,0x00007f36355fc000)]
  0x00007f364c0c4000 JavaThread "C2 CompilerThread1" daemon [_thread_blocked, id=9396, stack(0x00007f36355fc000,0x00007f36356fd000)]
  0x00007f364c0c1000 JavaThread "C2 CompilerThread0" daemon [_thread_blocked, id=9395, stack(0x00007f36356fd000,0x00007f36357fe000)]
  0x00007f364c0bf800 JavaThread "Signal Dispatcher" daemon [_thread_blocked, id=9394, stack(0x00007f36357fe000,0x00007f36358ff000)]
  0x00007f364c08c000 JavaThread "Finalizer" daemon [_thread_blocked, id=9393, stack(0x00007f3635cfd000,0x00007f3635dfe000)]
  0x00007f364c087800 JavaThread "Reference Handler" daemon [_thread_blocked, id=9392, stack(0x00007f3635dfe000,0x00007f3635eff000)]
  0x00007f364c00a000 JavaThread "main" [_thread_blocked, id=9382, stack(0x00007f365573e000,0x00007f365583f000)]

Other Threads:
  0x00007f364c080000 VMThread [stack: 0x00007f3635eff000,0x00007f3636000000] [id=9391]
  0x00007f364c0d5800 WatcherThread [stack: 0x00007f36351f8000,0x00007f36352f9000] [id=9400]

VM state:not at safepoint (normal execution)

VM Mutex/Monitor currently owned by a thread: None

Heap:
 PSYoungGen      total 171520K, used 101488K [0x00000000eab00000, 0x00000000f6b00000, 0x0000000100000000)
  eden space 167936K, 58% used [0x00000000eab00000,0x00000000f0b04778,0x00000000f4f00000)
  from space 3584K, 88% used [0x00000000f5480000,0x00000000f5797c50,0x00000000f5800000)
  to   space 14336K, 0% used [0x00000000f5d00000,0x00000000f5d00000,0x00000000f6b00000)
 ParOldGen       total 122368K, used 47555K [0x00000000c0000000, 0x00000000c7780000, 0x00000000eab00000)
  object space 122368K, 38% used [0x00000000c0000000,0x00000000c2e70c60,0x00000000c7780000)
 Metaspace       used 64151K, capacity 70186K, committed 70488K, reserved 1110016K
  class space    used 8369K, capacity 9225K, committed 9344K, reserved 1048576K

Card table byte_map: [0x00007f3652304000,0x00007f3652505000] byte_map_base: 0x00007f3651d04000

Marking Bits: (ParMarkBitMap*) 0x00007f3654c1a260
 Begin Bits: [0x00007f3636000000, 0x00007f3637000000)
 End Bits:   [0x00007f3637000000, 0x00007f3638000000)

Polling page: 0x00007f3655861000

CodeCache: size=245760Kb used=56447Kb max_used=56481Kb free=189312Kb
 bounds [0x00007f363d000000, 0x00007f3640790000, 0x00007f364c000000]
 total_blobs=15059 nmethods=14299 adapters=671
 compilation: enabled

Compilation events (10 events):
Event: 9114.170 Thread 0x00007f364c0c4000 nmethod 19438 0x00007f364074ba10 code [0x00007f364074bb60, 0x00007f364074bc18]
Event: 9114.170 Thread 0x00007f364c0c4000 19439       4       com.sun.tools.javac.comp.Resolve$BasicLookupHelper::debug (26 bytes)
Event: 9114.170 Thread 0x00007f364c0c4000 nmethod 19439 0x00007f364075ead0 code [0x00007f364075ec20, 0x00007f364075ed08]
Event: 9114.170 Thread 0x00007f364c0c4000 19445       4       com.sun.tools.javac.comp.Resolve::adjustArgs (121 bytes)
Event: 9114.171 Thread 0x00007f364c0c4000 nmethod 19445 0x00007f3640760210 code [0x00007f3640760360, 0x00007f3640760478]
Event: 9114.171 Thread 0x00007f364c0c4000 19414       4       org.gradle.api.internal.DefaultDomainObjectCollection::whenObjectAdded (9 bytes)
Event: 9114.176 Thread 0x00007f364c0c4000 nmethod 19414 0x00007f364075f850 code [0x00007f364075f9c0, 0x00007f364075fd98]
Event: 9114.176 Thread 0x00007f364c0c4000 19428       4       com.sun.tools.javac.tree.JCTree$JCPolyExpression::<init> (5 bytes)
Event: 9114.176 Thread 0x00007f364c0c4000 nmethod 19428 0x00007f363e6ae110 code [0x00007f363e6ae260, 0x00007f363e6ae2b8]
Event: 9114.251 Thread 0x00007f364c0c1000 nmethod 19449 0x00007f364077ac90 code [0x00007f364077b3e0, 0x00007f3640780a38]

GC Heap History (10 events):
Event: 8256.554 GC heap before
{Heap before GC invocations=59 (full 19):
 PSYoungGen      total 195584K, used 180224K [0x00000000eab00000, 0x00000000f7900000, 0x0000000100000000)
  eden space 180224K, 100% used [0x00000000eab00000,0x00000000f5b00000,0x00000000f5b00000)
  from space 15360K, 0% used [0x00000000f5b00000,0x00000000f5b00000,0x00000000f6a00000)
  to   space 15360K, 0% used [0x00000000f6a00000,0x00000000f6a00000,0x00000000f7900000)
 ParOldGen       total 122368K, used 44699K [0x00000000c0000000, 0x00000000c7780000, 0x00000000eab00000)
  object space 122368K, 36% used [0x00000000c0000000,0x00000000c2ba6ca0,0x00000000c7780000)
 Metaspace       used 63821K, capacity 69638K, committed 70232K, reserved 1110016K
  class space    used 8329K, capacity 9164K, committed 9344K, reserved 1048576K
Event: 8256.573 GC heap after
Heap after GC invocations=59 (full 19):
 PSYoungGen      total 194560K, used 10750K [0x00000000eab00000, 0x00000000f8000000, 0x0000000100000000)
  eden space 179200K, 0% used [0x00000000eab00000,0x00000000eab00000,0x00000000f5a00000)
  from space 15360K, 69% used [0x00000000f6a00000,0x00000000f747f8c8,0x00000000f7900000)
  to   space 16384K, 0% used [0x00000000f5a00000,0x00000000f5a00000,0x00000000f6a00000)
 ParOldGen       total 122368K, used 44707K [0x00000000c0000000, 0x00000000c7780000, 0x00000000eab00000)
  object space 122368K, 36% used [0x00000000c0000000,0x00000000c2ba8ca0,0x00000000c7780000)
 Metaspace       used 63821K, capacity 69638K, committed 70232K, reserved 1110016K
  class space    used 8329K, capacity 9164K, committed 9344K, reserved 1048576K
}
Event: 8792.387 GC heap before
{Heap before GC invocations=60 (full 19):
 PSYoungGen      total 194560K, used 189950K [0x00000000eab00000, 0x00000000f8000000, 0x0000000100000000)
  eden space 179200K, 100% used [0x00000000eab00000,0x00000000f5a00000,0x00000000f5a00000)
  from space 15360K, 69% used [0x00000000f6a00000,0x00000000f747f8c8,0x00000000f7900000)
  to   space 16384K, 0% used [0x00000000f5a00000,0x00000000f5a00000,0x00000000f6a00000)
 ParOldGen       total 122368K, used 44707K [0x00000000c0000000, 0x00000000c7780000, 0x00000000eab00000)
  object space 122368K, 36% used [0x00000000c0000000,0x00000000c2ba8ca0,0x00000000c7780000)
 Metaspace       used 63890K, capacity 69806K, committed 70232K, reserved 1110016K
  class space    used 8337K, capacity 9173K, committed 9344K, reserved 1048576K
Event: 8792.393 GC heap after
Heap after GC invocations=60 (full 19):
 PSYoungGen      total 178176K, used 4208K [0x00000000eab00000, 0x00000000f7280000, 0x0000000100000000)
  eden space 173568K, 0% used [0x00000000eab00000,0x00000000eab00000,0x00000000f5480000)
  from space 4608K, 91% used [0x00000000f5a00000,0x00000000f5e1c010,0x00000000f5e80000)
  to   space 15360K, 0% used [0x00000000f6380000,0x00000000f6380000,0x00000000f7280000)
 ParOldGen       total 122368K, used 44707K [0x00000000c0000000, 0x00000000c7780000, 0x00000000eab00000)
  object space 122368K, 36% used [0x00000000c0000000,0x00000000c2ba8ca0,0x00000000c7780000)
 Metaspace       used 63890K, capacity 69806K, committed 70232K, reserved 1110016K
  class space    used 8337K, capacity 9173K, committed 9344K, reserved 1048576K
}
Event: 8804.103 GC heap before
{Heap before GC invocations=61 (full 19):
 PSYoungGen      total 178176K, used 123919K [0x00000000eab00000, 0x00000000f7280000, 0x0000000100000000)
  eden space 173568K, 68% used [0x00000000eab00000,0x00000000f1fe7fc8,0x00000000f5480000)
  from space 4608K, 91% used [0x00000000f5a00000,0x00000000f5e1c010,0x00000000f5e80000)
  to   space 15360K, 0% used [0x00000000f6380000,0x00000000f6380000,0x00000000f7280000)
 ParOldGen       total 122368K, used 44707K [0x00000000c0000000, 0x00000000c7780000, 0x00000000eab00000)
  object space 122368K, 36% used [0x00000000c0000000,0x00000000c2ba8ca0,0x00000000c7780000)
 Metaspace       used 63996K, capacity 69908K, committed 70488K, reserved 1110016K
  class space    used 8352K, capacity 9206K, committed 9344K, reserved 1048576K
Event: 8804.106 GC heap after
Heap after GC invocations=61 (full 19):
 PSYoungGen      total 187904K, used 3647K [0x00000000eab00000, 0x00000000f7180000, 0x0000000100000000)
  eden space 173568K, 0% used [0x00000000eab00000,0x00000000eab00000,0x00000000f5480000)
  from space 14336K, 25% used [0x00000000f6380000,0x00000000f670fc50,0x00000000f7180000)
  to   space 14848K, 0% used [0x00000000f5480000,0x00000000f5480000,0x00000000f6300000)
 ParOldGen       total 122368K, used 44715K [0x00000000c0000000, 0x00000000c7780000, 0x00000000eab00000)
  object space 122368K, 36% used [0x00000000c0000000,0x00000000c2baaca0,0x00000000c7780000)
 Metaspace       used 63996K, capacity 69908K, committed 70488K, reserved 1110016K
  class space    used 8352K, capacity 9206K, committed 9344K, reserved 1048576K
}
Event: 8804.107 GC heap before
{Heap before GC invocations=62 (full 20):
 PSYoungGen      total 187904K, used 3647K [0x00000000eab00000, 0x00000000f7180000, 0x0000000100000000)
  eden space 173568K, 0% used [0x00000000eab00000,0x00000000eab00000,0x00000000f5480000)
  from space 14336K, 25% used [0x00000000f6380000,0x00000000f670fc50,0x00000000f7180000)
  to   space 14848K, 0% used [0x00000000f5480000,0x00000000f5480000,0x00000000f6300000)
 ParOldGen       total 122368K, used 44715K [0x00000000c0000000, 0x00000000c7780000, 0x00000000eab00000)
  object space 122368K, 36% used [0x00000000c0000000,0x00000000c2baaca0,0x00000000c7780000)
 Metaspace       used 63996K, capacity 69908K, committed 70488K, reserved 1110016K
  class space    used 8352K, capacity 9206K, committed 9344K, reserved 1048576K
Event: 8804.418 GC heap after
Heap after GC invocations=62 (full 20):
 PSYoungGen      total 187904K, used 0K [0x00000000eab00000, 0x00000000f7180000, 0x0000000100000000)
  eden space 173568K, 0% used [0x00000000eab00000,0x00000000eab00000,0x00000000f5480000)
  from space 14336K, 0% used [0x00000000f6380000,0x00000000f6380000,0x00000000f7180000)
  to   space 14848K, 0% used [0x00000000f5480000,0x00000000f5480000,0x00000000f6300000)
 ParOldGen       total 122368K, used 47547K [0x00000000c0000000, 0x00000000c7780000, 0x00000000eab00000)
  object space 122368K, 38% used [0x00000000c0000000,0x00000000c2e6ec60,0x00000000c7780000)
 Metaspace       used 63996K, capacity 69908K, committed 70488K, reserved 1110016K
  class space    used 8352K, capacity 9206K, committed 9344K, reserved 1048576K
}
Event: 9113.756 GC heap before
{Heap before GC invocations=63 (full 20):
 PSYoungGen      total 187904K, used 173568K [0x00000000eab00000, 0x00000000f7180000, 0x0000000100000000)
  eden space 173568K, 100% used [0x00000000eab00000,0x00000000f5480000,0x00000000f5480000)
  from space 14336K, 0% used [0x00000000f6380000,0x00000000f6380000,0x00000000f7180000)
  to   space 14848K, 0% used [0x00000000f5480000,0x00000000f5480000,0x00000000f6300000)
 ParOldGen       total 122368K, used 47547K [0x00000000c0000000, 0x00000000c7780000, 0x00000000eab00000)
  object space 122368K, 38% used [0x00000000c0000000,0x00000000c2e6ec60,0x00000000c7780000)
 Metaspace       used 64111K, capacity 70116K, committed 70488K, reserved 1110016K
  class space    used 8368K, capacity 9224K, committed 9344K, reserved 1048576K
Event: 9113.760 GC heap after
Heap after GC invocations=63 (full 20):
 PSYoungGen      total 171520K, used 3167K [0x00000000eab00000, 0x00000000f6b00000, 0x0000000100000000)
  eden space 167936K, 0% used [0x00000000eab00000,0x00000000eab00000,0x00000000f4f00000)
  from space 3584K, 88% used [0x00000000f5480000,0x00000000f5797c50,0x00000000f5800000)
  to   space 14336K, 0% used [0x00000000f5d00000,0x00000000f5d00000,0x00000000f6b00000)
 ParOldGen       total 122368K, used 47555K [0x00000000c0000000, 0x00000000c7780000, 0x00000000eab00000)
  object space 122368K, 38% used [0x00000000c0000000,0x00000000c2e70c60,0x00000000c7780000)
 Metaspace       used 64111K, capacity 70116K, committed 70488K, reserved 1110016K
  class space    used 8368K, capacity 9224K, committed 9344K, reserved 1048576K
}

Deoptimization events (10 events):
Event: 8910.124 Thread 0x00007f35d8031800 Uncommon trap: reason=class_check action=maybe_recompile pc=0x00007f363d33b534 method=com.sun.org.apache.xerces.internal.impl.XMLDocumentFragmentScannerImpl.scanDocument(Z)Z @ 163
Event: 8910.124 Thread 0x00007f35d8031800 Uncommon trap: reason=class_check action=maybe_recompile pc=0x00007f363e03f2c4 method=com.sun.org.apache.xerces.internal.dom.NodeImpl.ownerDocument()Lcom/sun/org/apache/xerces/internal/dom/CoreDocumentImpl; @ 11
Event: 8910.155 Thread 0x00007f35d8031800 Uncommon trap: reason=class_check action=maybe_recompile pc=0x00007f363fa202dc method=java.util.concurrent.ConcurrentHashMap.putVal(Ljava/lang/Object;Ljava/lang/Object;Z)Ljava/lang/Object; @ 192
Event: 8910.160 Thread 0x00007f35482c8800 Uncommon trap: reason=class_check action=maybe_recompile pc=0x00007f363fa202dc method=java.util.concurrent.ConcurrentHashMap.putVal(Ljava/lang/Object;Ljava/lang/Object;Z)Ljava/lang/Object; @ 192
Event: 8910.596 Thread 0x00007f35d8031800 Uncommon trap: reason=class_check action=maybe_recompile pc=0x00007f363ff2ed30 method=com.sun.tools.javac.comp.Attr.visitSelect(Lcom/sun/tools/javac/tree/JCTree$JCFieldAccess;)V @ 963
Event: 8910.636 Thread 0x00007f35d8031800 Uncommon trap: reason=class_check action=maybe_recompile pc=0x00007f363ff2ed30 method=com.sun.tools.javac.comp.Attr.visitSelect(Lcom/sun/tools/javac/tree/JCTree$JCFieldAccess;)V @ 963
Event: 8910.668 Thread 0x00007f35d8031800 Uncommon trap: reason=bimorphic action=maybe_recompile pc=0x00007f363f897620 method=com.sun.tools.javac.comp.Attr.visitIdent(Lcom/sun/tools/javac/tree/JCTree$JCIdent;)V @ 228
Event: 9113.852 Thread 0x00007f35d8032000 Uncommon trap: reason=null_check action=make_not_entrant pc=0x00007f3640725b20 method=com.sun.org.apache.xerces.internal.parsers.AbstractDOMParser.xmlDecl(Ljava/lang/String;Ljava/lang/String;Ljava/lang/String;Lcom/sun/org/apache/xerces/internal/xni/Augmen
Event: 9114.007 Thread 0x00007f35d8032000 Uncommon trap: reason=unstable_if action=reinterpret pc=0x00007f363f64c37c method=com.sun.tools.javac.code.Types.isSubtype(Lcom/sun/tools/javac/code/Type;Lcom/sun/tools/javac/code/Type;Z)Z @ 110
Event: 9114.055 Thread 0x00007f35d8032000 Uncommon trap: reason=bimorphic action=maybe_recompile pc=0x00007f363f897620 method=com.sun.tools.javac.comp.Attr.visitIdent(Lcom/sun/tools/javac/tree/JCTree$JCIdent;)V @ 228

Internal exceptions (10 events):
Event: 8255.413 Thread 0x00007f35d8024800 Exception <a 'java/lang/ClassNotFoundException': asLocalRepo48_8xvomc3j3ox5j94qiizgy3t4sBeanInfo> (0x00000000eabfa138) thrown at [/HUDSON3/workspace/8-2-build-linux-amd64/jdk8u74/6087/hotspot/src/share/vm/classfile/systemDictionary.cpp, line 210]
Event: 8255.413 Thread 0x00007f35d8024800 Exception <a 'java/lang/ClassNotFoundException': asLocalRepo48_8xvomc3j3ox5j94qiizgy3t4sCustomizer> (0x00000000eac03748) thrown at [/HUDSON3/workspace/8-2-build-linux-amd64/jdk8u74/6087/hotspot/src/share/vm/classfile/systemDictionary.cpp, line 210]
Event: 8792.294 Thread 0x00007f35d8031800 Exception <a 'java/lang/ClassNotFoundException': asLocalRepo49_4w4yhsmpsa7sjm3cc962t94r9BeanInfo> (0x00000000f38e1b10) thrown at [/HUDSON3/workspace/8-2-build-linux-amd64/jdk8u74/6087/hotspot/src/share/vm/classfile/systemDictionary.cpp, line 210]
Event: 8792.295 Thread 0x00007f35d8031800 Exception <a 'java/lang/ClassNotFoundException': asLocalRepo49_4w4yhsmpsa7sjm3cc962t94r9Customizer> (0x00000000f38eb120) thrown at [/HUDSON3/workspace/8-2-build-linux-amd64/jdk8u74/6087/hotspot/src/share/vm/classfile/systemDictionary.cpp, line 210]
Event: 8804.093 Thread 0x00007f35d8031800 Exception <a 'java/io/FileNotFoundException'> (0x00000000f1eff890) thrown at [/HUDSON3/workspace/8-2-build-linux-amd64/jdk8u74/6087/hotspot/src/share/vm/prims/jni.cpp, line 709]
Event: 8909.684 Thread 0x00007f35d8031800 Exception <a 'java/lang/ClassNotFoundException': asLocalRepo50_55eqzblbk0lugqvktm2iza1lnBeanInfo> (0x00000000eaf5e610) thrown at [/HUDSON3/workspace/8-2-build-linux-amd64/jdk8u74/6087/hotspot/src/share/vm/classfile/systemDictionary.cpp, line 210]
Event: 8909.685 Thread 0x00007f35d8031800 Exception <a 'java/lang/ClassNotFoundException': asLocalRepo50_55eqzblbk0lugqvktm2iza1lnCustomizer> (0x00000000eaf67c20) thrown at [/HUDSON3/workspace/8-2-build-linux-amd64/jdk8u74/6087/hotspot/src/share/vm/classfile/systemDictionary.cpp, line 210]
Event: 8912.211 Thread 0x00007f35d8031800 Exception <a 'java/io/FileNotFoundException'> (0x00000000f47277a8) thrown at [/HUDSON3/workspace/8-2-build-linux-amd64/jdk8u74/6087/hotspot/src/share/vm/prims/jni.cpp, line 709]
Event: 9113.720 Thread 0x00007f35d8032000 Exception <a 'java/lang/ClassNotFoundException': asLocalRepo51_b1aabgjumm56v2zqu11tp9zppBeanInfo> (0x00000000f49f4cc0) thrown at [/HUDSON3/workspace/8-2-build-linux-amd64/jdk8u74/6087/hotspot/src/share/vm/classfile/systemDictionary.cpp, line 210]
Event: 9113.720 Thread 0x00007f35d8032000 Exception <a 'java/lang/ClassNotFoundException': asLocalRepo51_b1aabgjumm56v2zqu11tp9zppCustomizer> (0x00000000f49fe2d0) thrown at [/HUDSON3/workspace/8-2-build-linux-amd64/jdk8u74/6087/hotspot/src/share/vm/classfile/systemDictionary.cpp, line 210]

Events (10 events):
Event: 9114.068 Thread 0x00007f35d8032000 DEOPT PACKING pc=0x00007f363ec25665 sp=0x00007f362fef9cd0
Event: 9114.068 Thread 0x00007f35d8032000 DEOPT UNPACKING pc=0x00007f363d047633 sp=0x00007f362fef9aa0 mode 0
Event: 9114.090 Thread 0x00007f3548016800 Thread added: 0x00007f3548016800
Event: 9114.091 Thread 0x00007f3549087800 Thread added: 0x00007f3549087800
Event: 9114.093 Thread 0x00007f3549097800 Thread added: 0x00007f3549097800
Event: 9114.093 Thread 0x00007f35480ed800 Thread added: 0x00007f35480ed800
Event: 9114.093 Thread 0x00007f354909b000 Thread added: 0x00007f354909b000
Event: 9114.093 Thread 0x00007f354907e000 Thread added: 0x00007f354907e000
Event: 9114.093 Thread 0x00007f354831d000 Thread added: 0x00007f354831d000
Event: 9114.094 Thread 0x00007f35480ed800 Thread exited: 0x00007f35480ed800


Dynamic libraries:
00400000-00401000 r-xp 00000000 08:01 9458649                            /usr/lib/jvm/java-8-oracle/bin/java
00600000-00601000 rw-p 00000000 08:01 9458649                            /usr/lib/jvm/java-8-oracle/bin/java
00705000-00726000 rw-p 00000000 00:00 0                                  [heap]
c0000000-c7780000 rw-p 00000000 00:00 0 
c7780000-eab00000 ---p 00000000 00:00 0 
eab00000-f6b00000 rw-p 00000000 00:00 0 
f6b00000-100000000 ---p 00000000 00:00 0 
100000000-100920000 rw-p 00000000 00:00 0 
100920000-140000000 ---p 00000000 00:00 0 
7f350ffff000-7f3530000000 rw-p 00000000 00:00 0 
7f3530000000-7f3530021000 rw-p 00000000 00:00 0 
7f3530021000-7f3534000000 ---p 00000000 00:00 0 
7f3538000000-7f3538021000 rw-p 00000000 00:00 0 
7f3538021000-7f353c000000 ---p 00000000 00:00 0 
7f353c000000-7f353c021000 rw-p 00000000 00:00 0 
7f353c021000-7f3540000000 ---p 00000000 00:00 0 
7f3540000000-7f3540021000 rw-p 00000000 00:00 0 
7f3540021000-7f3544000000 ---p 00000000 00:00 0 
7f3544000000-7f3544021000 rw-p 00000000 00:00 0 
7f3544021000-7f3548000000 ---p 00000000 00:00 0 
7f3548000000-7f3549315000 rw-p 00000000 00:00 0 
7f3549315000-7f354c000000 ---p 00000000 00:00 0 
7f354c000000-7f354c021000 rw-p 00000000 00:00 0 
7f354c021000-7f3550000000 ---p 00000000 00:00 0 
7f3550000000-7f3550021000 rw-p 00000000 00:00 0 
7f3550021000-7f3554000000 ---p 00000000 00:00 0 
7f3554000000-7f3554021000 rw-p 00000000 00:00 0 
7f3554021000-7f3558000000 ---p 00000000 00:00 0 
7f3558000000-7f3558021000 rw-p 00000000 00:00 0 
7f3558021000-7f355c000000 ---p 00000000 00:00 0 
7f355c000000-7f355c021000 rw-p 00000000 00:00 0 
7f355c021000-7f3560000000 ---p 00000000 00:00 0 
7f3560000000-7f3560021000 rw-p 00000000 00:00 0 
7f3560021000-7f3564000000 ---p 00000000 00:00 0 
7f3564000000-7f3564021000 rw-p 00000000 00:00 0 
7f3564021000-7f3568000000 ---p 00000000 00:00 0 
7f3568000000-7f3568021000 rw-p 00000000 00:00 0 
7f3568021000-7f356c000000 ---p 00000000 00:00 0 
7f356c000000-7f356c021000 rw-p 00000000 00:00 0 
7f356c021000-7f3570000000 ---p 00000000 00:00 0 
7f3570000000-7f3570021000 rw-p 00000000 00:00 0 
7f3570021000-7f3574000000 ---p 00000000 00:00 0 
7f3574000000-7f3574021000 rw-p 00000000 00:00 0 
7f3574021000-7f3578000000 ---p 00000000 00:00 0 
7f3578000000-7f3578021000 rw-p 00000000 00:00 0 
7f3578021000-7f357c000000 ---p 00000000 00:00 0 
7f357c000000-7f357c021000 rw-p 00000000 00:00 0 
7f357c021000-7f3580000000 ---p 00000000 00:00 0 
7f3580000000-7f3580021000 rw-p 00000000 00:00 0 
7f3580021000-7f3584000000 ---p 00000000 00:00 0 
7f3584000000-7f3584188000 rw-p 00000000 00:00 0 
7f3584188000-7f3588000000 ---p 00000000 00:00 0 
7f3588000000-7f3588021000 rw-p 00000000 00:00 0 
7f3588021000-7f358c000000 ---p 00000000 00:00 0 
7f358c000000-7f358c021000 rw-p 00000000 00:00 0 
7f358c021000-7f3590000000 ---p 00000000 00:00 0 
7f3590000000-7f3590021000 rw-p 00000000 00:00 0 
7f3590021000-7f3594000000 ---p 00000000 00:00 0 
7f3594000000-7f3594021000 rw-p 00000000 00:00 0 
7f3594021000-7f3598000000 ---p 00000000 00:00 0 
7f3598000000-7f3598021000 rw-p 00000000 00:00 0 
7f3598021000-7f359c000000 ---p 00000000 00:00 0 
7f359c000000-7f359c021000 rw-p 00000000 00:00 0 
7f359c021000-7f35a0000000 ---p 00000000 00:00 0 
7f35a0000000-7f35a0021000 rw-p 00000000 00:00 0 
7f35a0021000-7f35a4000000 ---p 00000000 00:00 0 
7f35a4000000-7f35a4021000 rw-p 00000000 00:00 0 
7f35a4021000-7f35a8000000 ---p 00000000 00:00 0 
7f35a8000000-7f35a8034000 rw-p 00000000 00:00 0 
7f35a8034000-7f35ac000000 ---p 00000000 00:00 0 
7f35ac000000-7f35ac021000 rw-p 00000000 00:00 0 
7f35ac021000-7f35b0000000 ---p 00000000 00:00 0 
7f35b0000000-7f35b0058000 rw-p 00000000 00:00 0 
7f35b0058000-7f35b4000000 ---p 00000000 00:00 0 
7f35b4000000-7f35b4021000 rw-p 00000000 00:00 0 
7f35b4021000-7f35b8000000 ---p 00000000 00:00 0 
7f35b8000000-7f35b8021000 rw-p 00000000 00:00 0 
7f35b8021000-7f35bc000000 ---p 00000000 00:00 0 
7f35bc000000-7f35bc021000 rw-p 00000000 00:00 0 
7f35bc021000-7f35c0000000 ---p 00000000 00:00 0 
7f35c0000000-7f35c0021000 rw-p 00000000 00:00 0 
7f35c0021000-7f35c4000000 ---p 00000000 00:00 0 
7f35c4000000-7f35c4021000 rw-p 00000000 00:00 0 
7f35c4021000-7f35c8000000 ---p 00000000 00:00 0 
7f35c8000000-7f35c8021000 rw-p 00000000 00:00 0 
7f35c8021000-7f35cc000000 ---p 00000000 00:00 0 
7f35cc000000-7f35cc021000 rw-p 00000000 00:00 0 
7f35cc021000-7f35d0000000 ---p 00000000 00:00 0 
7f35d0000000-7f35d0021000 rw-p 00000000 00:00 0 
7f35d0021000-7f35d4000000 ---p 00000000 00:00 0 
7f35d4000000-7f35d55d1000 rw-p 00000000 00:00 0 
7f35d55d1000-7f35d8000000 ---p 00000000 00:00 0 
7f35d8000000-7f35d8069000 rw-p 00000000 00:00 0 
7f35d8069000-7f35dc000000 ---p 00000000 00:00 0 
7f35dc000000-7f35dc193000 rw-p 00000000 00:00 0 
7f35dc193000-7f35e0000000 ---p 00000000 00:00 0 
7f35e0000000-7f35e0021000 rw-p 00000000 00:00 0 
7f35e0021000-7f35e4000000 ---p 00000000 00:00 0 
7f35e4000000-7f35e4070000 rw-p 00000000 00:00 0 
7f35e4070000-7f35e8000000 ---p 00000000 00:00 0 
7f35e8000000-7f35e93f7000 rw-p 00000000 00:00 0 
7f35e93f7000-7f35ec000000 ---p 00000000 00:00 0 
7f35ec000000-7f35ec021000 rw-p 00000000 00:00 0 
7f35ec021000-7f35f0000000 ---p 00000000 00:00 0 
7f35f0000000-7f35f1f6a000 rw-p 00000000 00:00 0 
7f35f1f6a000-7f35f4000000 ---p 00000000 00:00 0 
7f35f4000000-7f35f5fe4000 rw-p 00000000 00:00 0 
7f35f5fe4000-7f35f8000000 ---p 00000000 00:00 0 
7f35f8000000-7f35f8021000 rw-p 00000000 00:00 0 
7f35f8021000-7f35fc000000 ---p 00000000 00:00 0 
7f35fc000000-7f35fe080000 rw-p 00000000 00:00 0 
7f35fe080000-7f3600000000 ---p 00000000 00:00 0 
7f3600000000-7f3600021000 rw-p 00000000 00:00 0 
7f3600021000-7f3604000000 ---p 00000000 00:00 0 
7f3604000000-7f3604021000 rw-p 00000000 00:00 0 
7f3604021000-7f3608000000 ---p 00000000 00:00 0 
7f3608000000-7f3608021000 rw-p 00000000 00:00 0 
7f3608021000-7f360c000000 ---p 00000000 00:00 0 
7f360c000000-7f360c1e5000 rw-p 00000000 00:00 0 
7f360c1e5000-7f3610000000 ---p 00000000 00:00 0 
7f3610000000-7f3610021000 rw-p 00000000 00:00 0 
7f3610021000-7f3614000000 ---p 00000000 00:00 0 
7f3617afb000-7f3617afe000 ---p 00000000 00:00 0 
7f3617afe000-7f3617bfc000 rw-p 00000000 00:00 0                          [stack:15098]
7f3617bfc000-7f3617bff000 ---p 00000000 00:00 0 
7f3617bff000-7f3617cfd000 rw-p 00000000 00:00 0 
7f3617dfe000-7f3617e01000 ---p 00000000 00:00 0 
7f3617e01000-7f3617eff000 rw-p 00000000 00:00 0 
7f3618000000-7f3618033000 rw-p 00000000 00:00 0 
7f3618033000-7f361c000000 ---p 00000000 00:00 0 
7f361c000000-7f361c021000 rw-p 00000000 00:00 0 
7f361c021000-7f3620000000 ---p 00000000 00:00 0 
7f3620000000-7f3620022000 rw-p 00000000 00:00 0 
7f3620022000-7f3624000000 ---p 00000000 00:00 0 
7f36240c1000-7f36240c4000 ---p 00000000 00:00 0 
7f36240c4000-7f36241c2000 rw-p 00000000 00:00 0 
7f36244c5000-7f36244c8000 ---p 00000000 00:00 0 
7f36244c8000-7f36245c6000 rw-p 00000000 00:00 0                          [stack:15093]
7f36245c6000-7f36245dd000 r-xp 00000000 08:01 14190488                   /lib/x86_64-linux-gnu/libresolv-2.19.so
7f36245dd000-7f36247dd000 ---p 00017000 08:01 14190488                   /lib/x86_64-linux-gnu/libresolv-2.19.so
7f36247dd000-7f36247de000 r--p 00017000 08:01 14190488                   /lib/x86_64-linux-gnu/libresolv-2.19.so
7f36247de000-7f36247df000 rw-p 00018000 08:01 14190488                   /lib/x86_64-linux-gnu/libresolv-2.19.so
7f36247df000-7f36247e1000 rw-p 00000000 00:00 0 
7f36247e1000-7f36247e6000 r-xp 00000000 08:01 14190516                   /lib/x86_64-linux-gnu/libnss_dns-2.19.so
7f36247e6000-7f36249e5000 ---p 00005000 08:01 14190516                   /lib/x86_64-linux-gnu/libnss_dns-2.19.so
7f36249e5000-7f36249e6000 r--p 00004000 08:01 14190516                   /lib/x86_64-linux-gnu/libnss_dns-2.19.so
7f36249e6000-7f36249e7000 rw-p 00005000 08:01 14190516                   /lib/x86_64-linux-gnu/libnss_dns-2.19.so
7f36249e7000-7f36249e9000 r-xp 00000000 08:01 14187522                   /lib/x86_64-linux-gnu/libnss_mdns4_minimal.so.2
7f36249e9000-7f3624be8000 ---p 00002000 08:01 14187522                   /lib/x86_64-linux-gnu/libnss_mdns4_minimal.so.2
7f3624be8000-7f3624be9000 r--p 00001000 08:01 14187522                   /lib/x86_64-linux-gnu/libnss_mdns4_minimal.so.2
7f3624be9000-7f3624bea000 rw-p 00002000 08:01 14187522                   /lib/x86_64-linux-gnu/libnss_mdns4_minimal.so.2
7f3624ceb000-7f3624cee000 ---p 00000000 00:00 0 
7f3624cee000-7f3624dec000 rw-p 00000000 00:00 0 
7f3624e25000-7f3624e28000 ---p 00000000 00:00 0 
7f3624e28000-7f3624f26000 rw-p 00000000 00:00 0                          [stack:15091]
7f3625027000-7f362502a000 ---p 00000000 00:00 0 
7f362502a000-7f3625128000 rw-p 00000000 00:00 0 
7f3625128000-7f362512b000 ---p 00000000 00:00 0 
7f362512b000-7f3625229000 rw-p 00000000 00:00 0 
7f362529b000-7f362529e000 ---p 00000000 00:00 0 
7f362529e000-7f362539c000 rw-p 00000000 00:00 0                          [stack:15092]
7f362549d000-7f36254a0000 ---p 00000000 00:00 0 
7f36254a0000-7f36254d6000 rw-p 00000000 00:00 0 
7f36256da000-7f362589a000 rw-p 00000000 00:00 0 
7f362589a000-7f36258dd000 ---p 00000000 00:00 0 
7f36258dd000-7f3625913000 rw-p 00000000 00:00 0 
7f3625913000-7f3625916000 ---p 00000000 00:00 0 
7f3625916000-7f3625a14000 rw-p 00000000 00:00 0 
7f3625a16000-7f3625c16000 rw-p 00000000 00:00 0 
7f3625c16000-7f3625c19000 ---p 00000000 00:00 0 
7f3625c19000-7f3625c4f000 rw-p 00000000 00:00 0 
7f3625d50000-7f3625d53000 ---p 00000000 00:00 0 
7f3625d53000-7f3625e51000 rw-p 00000000 00:00 0 
7f3625f8b000-7f3625f8e000 ---p 00000000 00:00 0 
7f3625f8e000-7f362608c000 rw-p 00000000 00:00 0 
7f362608c000-7f362608f000 ---p 00000000 00:00 0 
7f362608f000-7f362618d000 rw-p 00000000 00:00 0 
7f362618d000-7f3626190000 ---p 00000000 00:00 0 
7f3626190000-7f362628e000 rw-p 00000000 00:00 0 
7f36263c8000-7f36263cb000 ---p 00000000 00:00 0 
7f36263cb000-7f36264c9000 rw-p 00000000 00:00 0 
7f3626502000-7f3626505000 ---p 00000000 00:00 0 
7f3626505000-7f3626603000 rw-p 00000000 00:00 0 
7f3626704000-7f3626707000 ---p 00000000 00:00 0 
7f3626707000-7f362673d000 rw-p 00000000 00:00 0 
7f362673f000-7f362693f000 rw-p 00000000 00:00 0 
7f362693f000-7f3626942000 ---p 00000000 00:00 0 
7f3626942000-7f3626a40000 rw-p 00000000 00:00 0                          [stack:15087]
7f3626b35000-7f3626b67000 r-xp 00000000 08:01 9460595                    /usr/lib/jvm/java-8-oracle/jre/lib/amd64/libsunec.so
7f3626b67000-7f3626d66000 ---p 00032000 08:01 9460595                    /usr/lib/jvm/java-8-oracle/jre/lib/amd64/libsunec.so
7f3626d66000-7f3626d6c000 rw-p 00031000 08:01 9460595                    /usr/lib/jvm/java-8-oracle/jre/lib/amd64/libsunec.so
7f3626d6c000-7f3626d7c000 rw-p 00000000 00:00 0 
7f3626d7c000-7f3626d7f000 ---p 00000000 00:00 0 
7f3626d7f000-7f3626db5000 rw-p 00000000 00:00 0 
7f3626dee000-7f3626df1000 ---p 00000000 00:00 0 
7f3626df1000-7f3626eef000 rw-p 00000000 00:00 0                          [stack:15097]
7f3626ef1000-7f3626ef4000 ---p 00000000 00:00 0 
7f3626ef4000-7f36271f2000 rw-p 00000000 00:00 0 
7f36276f7000-7f36276fa000 ---p 00000000 00:00 0 
7f36276fa000-7f36277f8000 rw-p 00000000 00:00 0 
7f36277f8000-7f36277fb000 ---p 00000000 00:00 0 
7f36277fb000-7f36278f9000 rw-p 00000000 00:00 0 
7f36278f9000-7f36278fc000 ---p 00000000 00:00 0 
7f36278fc000-7f36279fa000 rw-p 00000000 00:00 0 
7f36279fa000-7f36279fd000 ---p 00000000 00:00 0 
7f36279fd000-7f3627afb000 rw-p 00000000 00:00 0 
7f3627cfd000-7f3627d00000 ---p 00000000 00:00 0 
7f3627d00000-7f3627dfe000 rw-p 00000000 00:00 0 
7f3627dfe000-7f3627e01000 ---p 00000000 00:00 0 
7f3627e01000-7f3627eff000 rw-p 00000000 00:00 0 
7f3627eff000-7f3627f02000 ---p 00000000 00:00 0 
7f3627f02000-7f3628000000 rw-p 00000000 00:00 0                          [stack:15099]
7f3628000000-7f3628021000 rw-p 00000000 00:00 0 
7f3628021000-7f362c000000 ---p 00000000 00:00 0 
7f362c03e000-7f362c041000 ---p 00000000 00:00 0 
7f362c041000-7f362c077000 rw-p 00000000 00:00 0 
7f362c079000-7f362c279000 rw-p 00000000 00:00 0 
7f362c279000-7f362c27c000 ---p 00000000 00:00 0 
7f362c27c000-7f362c37a000 rw-p 00000000 00:00 0 
7f362c37a000-7f362c37d000 ---p 00000000 00:00 0 
7f362c37d000-7f362c47b000 rw-p 00000000 00:00 0 
7f362c47b000-7f362c47e000 ---p 00000000 00:00 0 
7f362c47e000-7f362c4b4000 rw-p 00000000 00:00 0 
7f362c4ed000-7f362c4f0000 ---p 00000000 00:00 0 
7f362c4f0000-7f362c526000 rw-p 00000000 00:00 0                          [stack:15095]
7f362c561000-7f362c761000 rw-p 00000000 00:00 0 
7f362c761000-7f362c764000 ---p 00000000 00:00 0 
7f362c764000-7f362c862000 rw-p 00000000 00:00 0 
7f362c963000-7f362c966000 ---p 00000000 00:00 0 
7f362c966000-7f362ca64000 rw-p 00000000 00:00 0                          [stack:15086]
7f362ca66000-7f362cc66000 rw-p 00000000 00:00 0 
7f362cc66000-7f362ce66000 rw-p 00000000 00:00 0 
7f362ce66000-7f362d066000 rw-p 00000000 00:00 0 
7f362d066000-7f362d069000 ---p 00000000 00:00 0 
7f362d069000-7f362d167000 rw-p 00000000 00:00 0 
7f362d167000-7f362d367000 rw-p 00000000 00:00 0 
7f362d367000-7f362d567000 rw-p 00000000 00:00 0 
7f362d567000-7f362d56a000 ---p 00000000 00:00 0 
7f362d56a000-7f362d668000 rw-p 00000000 00:00 0 
7f362d6a3000-7f362d769000 r--s 00f3d000 08:01 9983110                    /opt/android-studio/lib/openapi.jar
7f362d7fe000-7f362d801000 ---p 00000000 00:00 0 
7f362d801000-7f362d8ff000 rw-p 00000000 00:00 0 
7f362d8ff000-7f362d902000 ---p 00000000 00:00 0 
7f362d902000-7f362da00000 rw-p 00000000 00:00 0 
7f362da00000-7f362da6c000 r--s 00696000 08:01 9983117                    /opt/android-studio/lib/groovy-all-2.3.9.jar
7f362da6c000-7f362dc6c000 rw-p 00000000 00:00 0 
7f362dc84000-7f362dc8a000 r--s 0003f000 08:01 9459147                    /usr/lib/jvm/java-8-oracle/jre/lib/ext/sunjce_provider.jar
7f362dc8a000-7f362de8a000 rw-p 00000000 00:00 0 
7f362de8a000-7f362e08a000 rw-p 00000000 00:00 0 
7f362e08a000-7f362e09c000 r--s 00345000 08:01 9459093                    /usr/lib/jvm/java-8-oracle/jre/lib/resources.jar
7f362e09c000-7f362e29c000 rw-p 00000000 00:00 0 
7f362e29c000-7f362e492000 rw-p 00000000 00:00 0 
7f362e492000-7f362e49c000 ---p 00000000 00:00 0 
7f362e49c000-7f362e69c000 rw-p 00000000 00:00 0 
7f362e69c000-7f362e6a5000 r-xp 00000000 08:01 9460586                    /usr/lib/jvm/java-8-oracle/jre/lib/amd64/libmanagement.so
7f362e6a5000-7f362e8a4000 ---p 00009000 08:01 9460586                    /usr/lib/jvm/java-8-oracle/jre/lib/amd64/libmanagement.so
7f362e8a4000-7f362e8a5000 rw-p 00008000 08:01 9460586                    /usr/lib/jvm/java-8-oracle/jre/lib/amd64/libmanagement.so
7f362e8a5000-7f362eaa5000 rw-p 00000000 00:00 0 
7f362eaa5000-7f362eca5000 rw-p 00000000 00:00 0 
7f362eca5000-7f362eea5000 rw-p 00000000 00:00 0 
7f362eea5000-7f362f0a5000 rw-p 00000000 00:00 0 
7f362f0a5000-7f362f0a8000 r--s 0001a000 08:01 9459155                    /usr/lib/jvm/java-8-oracle/jre/lib/jce.jar
7f362f0a8000-7f362f0ad000 r--s 0002e000 08:01 9983052                    /opt/android-studio/lib/gson-2.3.jar
7f362f0ad000-7f362f0af000 r--s 00005000 08:01 10245992                   /opt/android-studio/plugins/gradle/lib/gradle-tooling-extension-api.jar
7f362f0af000-7f362f0b2000 r--s 00024000 08:01 10245838                   /opt/android-studio/plugins/gradle/lib/gradle-tooling-extension-impl.jar
7f362f0b2000-7f362f0b4000 r--s 00005000 08:01 13662184                   /home/james/.gradle/caches/jars-1/nbo60g34apaec1q8xggue4jcl8ramo6/builder-model-1.5.0-beta2.jar
7f362f0b4000-7f362f0b5000 r--s 00004000 08:01 10112494                   /opt/android-studio/gradle/m2repository/com/intellij/annotations/12.0/annotations-12.0.jar
7f362f0b5000-7f362f0b7000 r--s 0000d000 08:01 10112536                   /opt/android-studio/gradle/m2repository/commons-codec/commons-codec/1.4/commons-codec-1.4.jar
7f362f0b7000-7f362f0b9000 r--s 0000d000 08:01 9982696                    /opt/android-studio/gradle/m2repository/commons-logging/commons-logging/1.1.1/commons-logging-1.1.1.jar
7f362f0b9000-7f362f0be000 r--s 00028000 08:01 9982753                    /opt/android-studio/gradle/m2repository/org/apache/httpcomponents/httpcore/4.1/httpcore-4.1.jar
7f362f0be000-7f362f0c6000 r--s 000a8000 08:01 10112339                   /opt/android-studio/gradle/m2repository/com/android/tools/external/lombok/lombok-ast/0.2.3/lombok-ast-0.2.3.jar
7f362f0c6000-7f362f0c8000 r--s 00005000 08:01 9982846                    /opt/android-studio/gradle/m2repository/org/abego/treelayout/org.abego.treelayout.core/1.0.1/org.abego.treelayout.core-1.0.1.jar
7f362f0c8000-7f362f0c9000 r--s 0000a000 08:01 10112532                   /opt/android-studio/gradle/m2repository/net/sf/kxml/kxml2/2.3.0/kxml2-2.3.0.jar
7f362f0c9000-7f362f0ca000 r--s 00005000 08:01 10112383                   /opt/android-studio/gradle/m2repository/com/android/tools/dvlib/24.5.0/dvlib-24.5.0.jar
7f362f0ca000-7f362f0d1000 r--s 00053000 08:01 9982770                    /opt/android-studio/gradle/m2repository/org/apache/commons/commons-compress/1.8.1/commons-compress-1.8.1.jar
7f362f0d1000-7f362f0d6000 r--s 0002a000 08:01 10112286                   /opt/android-studio/gradle/m2repository/com/google/code/gson/gson/2.2.4/gson-2.2.4.jar
7f362f0d6000-7f362f0d9000 r--s 00013000 08:01 10112363                   /opt/android-studio/gradle/m2repository/com/android/tools/layoutlib/layoutlib-api/24.5.0/layoutlib-api-24.5.0.jar
7f362f0d9000-7f362f0db000 r--s 00005000 08:01 9982745                    /opt/android-studio/gradle/m2repository/org/apache/httpcomponents/httpmime/4.1/httpmime-4.1.jar
7f362f0db000-7f362f0e3000 r--s 0004e000 08:01 9982762                    /opt/android-studio/gradle/m2repository/org/apache/httpcomponents/httpclient/4.1.1/httpclient-4.1.1.jar
7f362f0e3000-7f362f0e6000 r--s 0002d000 08:01 10112332                   /opt/android-studio/gradle/m2repository/com/android/tools/lint/lint-api/24.5.0/lint-api-24.5.0.jar
7f362f0e6000-7f362f0e7000 r--s 00004000 08:01 9982858                    /opt/android-studio/gradle/m2repository/org/ow2/asm/asm-analysis/5.0.3/asm-analysis-5.0.3.jar
7f362f0e7000-7f362f0eb000 r--s 00037000 08:01 9982821                    /opt/android-studio/gradle/m2repository/org/antlr/ST4/4.0.8/ST4-4.0.8.jar
7f362f0eb000-7f362f0ec000 r--s 00002000 08:01 10112261                   /opt/android-studio/gradle/m2repository/com/tunnelvisionlabs/antlr4-annotations/4.5/antlr4-annotations-4.5.jar
7f362f0ec000-7f362f0f3000 r--s 00062000 08:01 9982907                    /opt/android-studio/gradle/m2repository/com/tunnelvisionlabs/antlr4-runtime/4.5/antlr4-runtime-4.5.jar
7f362f0f3000-7f362f101000 r--s 00081000 08:01 9982802                    /opt/android-studio/gradle/m2repository/org/bouncycastle/bcpkix-jdk15on/1.48/bcpkix-jdk15on-1.48.jar
7f362f101000-7f362f103000 r--s 00005000 08:01 10112477                   /opt/android-studio/gradle/m2repository/com/android/tools/jill/jill-api/0.9.0/jill-api-0.9.0.jar
7f362f103000-7f362f107000 r--s 00027000 08:01 10112455                   /opt/android-studio/gradle/m2repository/com/android/tools/build/manifest-merger/24.5.0/manifest-merger-24.5.0.jar
7f362f107000-7f362f10c000 r--s 00047000 08:01 10112402                   /opt/android-studio/gradle/m2repository/com/android/tools/ddms/ddmlib/24.5.0/ddmlib-24.5.0.jar
7f362f10c000-7f362f10e000 r--s 00006000 08:01 10112304                   /opt/android-studio/gradle/m2repository/com/android/tools/jack/jack-api/0.9.0/jack-api-0.9.0.jar
7f362f10e000-7f362f10f000 r--s 0000c000 08:01 9982872                    /opt/android-studio/gradle/m2repository/org/ow2/asm/asm/5.0.3/asm-5.0.3.jar
7f362f10f000-7f362f110000 r--s 00002000 08:01 10112424                   /opt/android-studio/gradle/m2repository/com/android/tools/build/builder-test-api/1.5.0/builder-test-api-1.5.0.jar
7f362f110000-7f362f113000 r--s 00026000 08:01 9982838                    /opt/android-studio/gradle/m2repository/org/antlr/antlr-runtime/3.5.2/antlr-runtime-3.5.2.jar
7f362f113000-7f362f11d000 r--s 000ab000 08:01 10112471                   /opt/android-studio/gradle/m2repository/com/android/tools/sdklib/24.5.0/sdklib-24.5.0.jar
7f362f11d000-7f362f11f000 r--s 00002000 08:01 10112275                   /opt/android-studio/gradle/m2repository/com/squareup/javawriter/2.5.0/javawriter-2.5.0.jar
7f362f11f000-7f362f121000 r--s 00016000 08:01 10112390                   /opt/android-studio/gradle/m2repository/com/android/tools/common/24.5.0/common-24.5.0.jar
7f362f121000-7f362f123000 r--s 00006000 08:01 9982891                    /opt/android-studio/gradle/m2repository/org/ow2/asm/asm-tree/5.0.3/asm-tree-5.0.3.jar
7f362f123000-7f362f125000 r--s 00005000 08:01 10112415                   /opt/android-studio/gradle/m2repository/com/android/tools/build/builder-model/1.5.0/builder-model-1.5.0.jar
7f362f125000-7f362f158000 r--s 00203000 08:01 9982808                    /opt/android-studio/gradle/m2repository/org/bouncycastle/bcprov-jdk15on/1.48/bcprov-jdk15on-1.48.jar
7f362f158000-7f362f160000 r--s 00079000 08:01 10112372                   /opt/android-studio/gradle/m2repository/com/android/tools/sdk-common/24.5.0/sdk-common-24.5.0.jar
7f362f160000-7f362f172000 r--s 00223000 08:01 9982715                    /opt/android-studio/gradle/m2repository/org/eclipse/jdt/core/compiler/ecj/4.4.2/ecj-4.4.2.jar
7f362f172000-7f362f178000 r--s 000af000 08:01 10112323                   /opt/android-studio/gradle/m2repository/com/android/tools/lint/lint-checks/24.5.0/lint-checks-24.5.0.jar
7f362f178000-7f362f188000 r--s 000d6000 08:01 10112507                   /opt/android-studio/gradle/m2repository/net/sf/proguard/proguard-base/5.2.1/proguard-base-5.2.1.jar
7f362f188000-7f362f189000 r--s 00002000 08:01 10112487                   /opt/android-studio/gradle/m2repository/com/android/databinding/baseLibrary/1.0-rc5/baseLibrary-1.0-rc5.jar
7f362f189000-7f362f18d000 r--s 0002a000 08:01 9982703                    /opt/android-studio/gradle/m2repository/commons-io/commons-io/2.4/commons-io-2.4.jar
7f362f18d000-7f362f197000 r--s 00099000 08:01 9982914                    /opt/android-studio/gradle/m2repository/com/tunnelvisionlabs/antlr4/4.5/antlr4-4.5.jar
7f362f197000-7f362f19e000 r--s 0005e000 08:01 9982788                    /opt/android-studio/gradle/m2repository/org/apache/commons/commons-lang3/3.3.2/commons-lang3-3.3.2.jar
7f362f19e000-7f362f1a1000 r--s 00033000 08:01 10112268                   /opt/android-studio/gradle/m2repository/com/googlecode/juniversalchardet/juniversalchardet/1.0.3/juniversalchardet-1.0.3.jar
7f362f1a1000-7f362f1a2000 r--s 00001000 08:01 10112353                   /opt/android-studio/gradle/m2repository/com/android/tools/annotations/24.5.0/annotations-24.5.0.jar
7f362f1a2000-7f362f1cd000 r--s 001f9000 08:01 10112293                   /opt/android-studio/gradle/m2repository/com/google/guava/guava/17.0/guava-17.0.jar
7f362f1cd000-7f362f1d2000 r--s 00058000 08:01 9982880                    /opt/android-studio/gradle/m2repository/org/ow2/asm/asm-debug-all/5.0.1/asm-debug-all-5.0.1.jar
7f362f1d2000-7f362f1d8000 r--s 0005a000 08:01 10112406                   /opt/android-studio/gradle/m2repository/com/android/tools/build/builder/1.5.0/builder-1.5.0.jar
7f362f1d8000-7f362f1da000 r--s 00022000 08:01 10112314                   /opt/android-studio/gradle/m2repository/com/android/tools/lint/lint/24.5.0/lint-24.5.0.jar
7f362f1da000-7f362f1db000 r--s 00002000 08:01 10112518                   /opt/android-studio/gradle/m2repository/net/sf/proguard/proguard-gradle/5.2.1/proguard-gradle-5.2.1.jar
7f362f1db000-7f362f1df000 r--s 00026000 08:01 10112482                   /opt/android-studio/gradle/m2repository/com/android/databinding/compilerCommon/1.0-rc5/compilerCommon-1.0-rc5.jar
7f362f1df000-7f362f1e1000 r--s 00001000 08:01 10112462                   /opt/android-studio/gradle/m2repository/com/android/tools/build/transform-api/1.5.0/transform-api-1.5.0.jar
7f362f1e1000-7f362f1e5000 r--s 0001e000 08:01 9982729                    /opt/android-studio/gradle/m2repository/org/jacoco/org.jacoco.core/0.7.4.201502262128/org.jacoco.core-0.7.4.201502262128.jar
7f362f1e5000-7f362f1fc000 r--s 0012c000 08:01 10112444                   /opt/android-studio/gradle/m2repository/com/android/tools/build/gradle-core/1.5.0/gradle-core-1.5.0.jar
7f362f1fc000-7f362f1ff000 ---p 00000000 00:00 0 
7f362f1ff000-7f362f4fd000 rw-p 00000000 00:00 0                          [stack:9412]
7f362f4fd000-7f362f6fd000 rw-p 00000000 00:00 0 
7f362f6fd000-7f362f8fd000 rw-p 00000000 00:00 0 
7f362f8fd000-7f362fafd000 rw-p 00000000 00:00 0 
7f362fafd000-7f362fafe000 r--s 00009000 08:01 9459143                    /usr/lib/jvm/java-8-oracle/jre/lib/ext/sunec.jar
7f362fafe000-7f362faff000 r--s 00000000 08:01 13662186                   /home/james/.gradle/caches/jars-1/dg22azhabc6tsc1i8xni15giz1bnssh/gradle-appengine-builder-model-0.1.0.jar
7f362faff000-7f362fbc5000 r--s 00f3d000 08:01 19307729                   /home/james/.gradle/caches/jars-1/oicb4s4qfiuuagvo0urwvnfrl2dappu/openapi.jar
7f362fbc5000-7f362fbc7000 r--s 00005000 08:01 19307727                   /home/james/.gradle/caches/jars-1/ftbl5tr4xtlv30hftdkih633r3x21ya/gradle-tooling-extension-api.jar
7f362fbc7000-7f362fbcd000 r--s 00026000 08:01 13536462                   /home/james/.gradle/caches/jars-1/qlb402qqdb9mu9614i3hr843cfch7zw/gradle-base-services-2.2.jar
7f362fbcd000-7f362fbf5000 r--s 001cf000 08:01 13536460                   /home/james/.gradle/caches/jars-1/87eo0lrvp84r6dbxjq018wy66es2era/guava-jdk5-17.0.jar
7f362fbf5000-7f362fbfe000 r--s 0002c000 08:01 13403009                   /home/james/.gradle/caches/jars-1/ltkluv74baem3ersp41z8rutm6he5v5/gradle-tooling-api-2.2.jar
7f362fbfe000-7f362fdfe000 rw-p 00000000 00:00 0 
7f362fdfe000-7f362fe01000 ---p 00000000 00:00 0 
7f362fe01000-7f362feff000 rw-p 00000000 00:00 0                          [stack:15088]
7f362feff000-7f362ff02000 ---p 00000000 00:00 0 
7f362ff02000-7f3630000000 rw-p 00000000 00:00 0 
7f3630000000-7f3630032000 rw-p 00000000 00:00 0 
7f3630032000-7f3634000000 ---p 00000000 00:00 0 
7f3634000000-7f3634002000 r--s 0000d000 08:01 10112433                   /opt/android-studio/gradle/m2repository/com/android/tools/build/gradle/1.5.0/gradle-1.5.0.jar
7f363403b000-7f363403c000 r--p 00000000 00:00 0 
7f363403c000-7f36340b5000 r--s 010e3000 08:01 9590472                    /usr/lib/jvm/java-8-oracle/lib/tools.jar
7f36340b5000-7f36340bc000 r--s 00000000 08:01 6441954                    /usr/lib/x86_64-linux-gnu/gconv/gconv-modules.cache
7f36341bb000-7f36341bd000 rw-p 00000000 00:00 0 
7f36341bd000-7f36341c0000 ---p 00000000 00:00 0 
7f36341c0000-7f36342be000 rw-p 00000000 00:00 0                          [stack:15085]
7f36342be000-7f36342c1000 ---p 00000000 00:00 0 
7f36342c1000-7f36343bf000 rw-p 00000000 00:00 0                          [stack:9402]
7f36343bf000-7f36343c3000 r--s 00097000 08:01 9459092                    /usr/lib/jvm/java-8-oracle/jre/lib/jsse.jar
7f36343c3000-7f36343c5000 r--s 00005000 08:01 10113823                   /opt/android-studio/gradle/gradle-2.8/lib/plugins/gradle-tooling-api-builders-2.8.jar
7f36343c5000-7f36343d5000 r--s 00088000 08:01 10113821                   /opt/android-studio/gradle/gradle-2.8/lib/plugins/joda-time-2.8.2.jar
7f36343d5000-7f36343e6000 r--s 000cf000 08:01 10114498                   /opt/android-studio/gradle/gradle-2.8/lib/plugins/jackson-databind-2.3.2.jar
7f36343e6000-7f36343e8000 r--s 00007000 08:01 10114519                   /opt/android-studio/gradle/gradle-2.8/lib/plugins/jackson-annotations-2.3.2.jar
7f36343e8000-7f36343eb000 r--s 0002e000 08:01 10114272                   /opt/android-studio/gradle/gradle-2.8/lib/plugins/jackson-core-2.3.2.jar
7f36343eb000-7f36343f6000 r--s 0006b000 08:01 10115850                   /opt/android-studio/gradle/gradle-2.8/lib/plugins/aws-java-sdk-core-1.9.19.jar
7f36343f6000-7f36343fc000 r--s 00036000 08:01 10114514                   /opt/android-studio/gradle/gradle-2.8/lib/plugins/aws-java-sdk-kms-1.9.19.jar
7f36343fc000-7f3634407000 r--s 00079000 08:01 10113803                   /opt/android-studio/gradle/gradle-2.8/lib/plugins/aws-java-sdk-s3-1.9.19.jar
7f3634407000-7f3634408000 r--s 00003000 08:01 10114534                   /opt/android-studio/gradle/gradle-2.8/lib/plugins/gradle-resources-s3-2.8.jar
7f3634408000-7f3634409000 r--s 00004000 08:01 10115852                   /opt/android-studio/gradle/gradle-2.8/lib/plugins/gradle-resources-sftp-2.8.jar
7f3634409000-7f363440a000 r--s 00001000 08:01 10114500                   /opt/android-studio/gradle/gradle-2.8/lib/plugins/gradle-plugin-development-2.8.jar
7f363440a000-7f363440c000 r--s 00005000 08:01 10114521                   /opt/android-studio/gradle/gradle-2.8/lib/plugins/gradle-testing-native-2.8.jar
7f363440c000-7f3634411000 r--s 0002b000 08:01 10114264                   /opt/android-studio/gradle/gradle-2.8/lib/plugins/gradle-ide-native-2.8.jar
7f3634411000-7f3634417000 r--s 00019000 08:01 10114485                   /opt/android-studio/gradle/gradle-2.8/lib/plugins/gradle-language-native-2.8.jar
7f3634417000-7f363441c000 r--s 00028000 08:01 10114529                   /opt/android-studio/gradle/gradle-2.8/lib/plugins/gradle-platform-play-2.8.jar
7f363441c000-7f3634429000 r--s 0004f000 08:01 10113813                   /opt/android-studio/gradle/gradle-2.8/lib/plugins/gradle-platform-native-2.8.jar
7f3634429000-7f363442c000 r--s 00008000 08:01 10114480                   /opt/android-studio/gradle/gradle-2.8/lib/plugins/gradle-language-scala-2.8.jar
7f363442c000-7f363442f000 r--s 00009000 08:01 10113815                   /opt/android-studio/gradle/gradle-2.8/lib/plugins/gradle-language-groovy-2.8.jar
7f363442f000-7f3634435000 r--s 00023000 08:01 10114493                   /opt/android-studio/gradle/gradle-2.8/lib/plugins/gradle-language-java-2.8.jar
7f3634435000-7f3634437000 r--s 00008000 08:01 10114490                   /opt/android-studio/gradle/gradle-2.8/lib/plugins/gradle-language-jvm-2.8.jar
7f3634437000-7f363443a000 r--s 0000d000 08:01 10114499                   /opt/android-studio/gradle/gradle-2.8/lib/plugins/gradle-platform-jvm-2.8.jar
7f363443a000-7f3634442000 r--s 0002c000 08:01 10113819                   /opt/android-studio/gradle/gradle-2.8/lib/plugins/gradle-platform-base-2.8.jar
7f3634442000-7f3634446000 r--s 00020000 08:01 10114515                   /opt/android-studio/gradle/gradle-2.8/lib/plugins/gradle-build-init-2.8.jar
7f3634446000-7f3634449000 r--s 00017000 08:01 10114489                   /opt/android-studio/gradle/gradle-2.8/lib/plugins/gradle-jacoco-2.8.jar
7f3634449000-7f363444c000 r--s 0000e000 08:01 10114535                   /opt/android-studio/gradle/gradle-2.8/lib/plugins/gradle-ivy-2.8.jar
7f363444c000-7f363444e000 r--s 00002000 08:01 10114475                   /opt/android-studio/gradle/gradle-2.8/lib/plugins/gradle-publish-2.8.jar
7f363444e000-7f3634450000 r--s 00005000 08:01 10114473                   /opt/android-studio/gradle/gradle-2.8/lib/plugins/jatl-0.2.2.jar
7f3634450000-7f3634452000 r--s 0000f000 08:01 10114491                   /opt/android-studio/gradle/gradle-2.8/lib/plugins/gradle-reporting-2.8.jar
7f3634452000-7f3634457000 r--s 00035000 08:01 10114522                   /opt/android-studio/gradle/gradle-2.8/lib/plugins/gradle-diagnostics-2.8.jar
7f3634457000-7f363445e000 r--s 0008f000 08:01 10114269                   /opt/android-studio/gradle/gradle-2.8/lib/plugins/gradle-build-comparison-2.8.jar
7f363445e000-7f3634465000 r--s 00035000 08:01 10114497                   /opt/android-studio/gradle/gradle-2.8/lib/plugins/simple-4.1.21.jar
7f3634465000-7f3634471000 r--s 00100000 08:01 10114528                   /opt/android-studio/gradle/gradle-2.8/lib/plugins/rhino-1.7R3.jar
7f3634471000-7f3634475000 r--s 0001c000 08:01 10114472                   /opt/android-studio/gradle/gradle-2.8/lib/plugins/gradle-javascript-2.8.jar
7f3634475000-7f3634477000 r--s 0000b000 08:01 10115849                   /opt/android-studio/gradle/gradle-2.8/lib/plugins/gradle-ear-2.8.jar
7f3634477000-7f363447e000 r--s 00038000 08:01 10114481                   /opt/android-studio/gradle/gradle-2.8/lib/plugins/bcpg-jdk15on-1.51.jar
7f363447e000-7f3634480000 r--s 00017000 08:01 10114512                   /opt/android-studio/gradle/gradle-2.8/lib/plugins/gradle-signing-2.8.jar
7f3634480000-7f3634481000 r--s 00002000 08:01 10113798                   /opt/android-studio/gradle/gradle-2.8/lib/plugins/sonar-batch-bootstrapper-2.9.jar
7f3634481000-7f3634484000 r--s 00015000 08:01 10114502                   /opt/android-studio/gradle/gradle-2.8/lib/plugins/gradle-sonar-2.8.jar
7f3634484000-7f3634487000 r--s 00010000 08:01 10114501                   /opt/android-studio/gradle/gradle-2.8/lib/plugins/gradle-scala-2.8.jar
7f3634487000-7f3634489000 r--s 0000a000 08:01 10114527                   /opt/android-studio/gradle/gradle-2.8/lib/plugins/gradle-announce-2.8.jar
7f3634489000-7f3634497000 r--s 0009f000 08:01 10114479                   /opt/android-studio/gradle/gradle-2.8/lib/plugins/gradle-ide-2.8.jar
7f3634497000-7f363449a000 r--s 0000c000 08:01 10114273                   /opt/android-studio/gradle/gradle-2.8/lib/plugins/pmaven-groovy-0.8-20100325.jar
7f363449a000-7f363449b000 r--s 00004000 08:01 10114503                   /opt/android-studio/gradle/gradle-2.8/lib/plugins/pmaven-common-0.8-20100325.jar
7f363449b000-7f36344a1000 r--s 00022000 08:01 10114513                   /opt/android-studio/gradle/gradle-2.8/lib/plugins/gradle-maven-2.8.jar
7f36344a1000-7f36344c2000 r--s 001c3000 08:01 10114270                   /opt/android-studio/gradle/gradle-2.8/lib/plugins/bndlib-2.4.0.jar
7f36344c2000-7f36344c4000 r--s 00004000 08:01 10114495                   /opt/android-studio/gradle/gradle-2.8/lib/plugins/gradle-osgi-2.8.jar
7f36344c4000-7f36344c6000 r--s 00008000 08:01 10114505                   /opt/android-studio/gradle/gradle-2.8/lib/plugins/gradle-antlr-2.8.jar
7f36344c6000-7f36344c9000 r--s 0001e000 08:01 10114488                   /opt/android-studio/gradle/gradle-2.8/lib/plugins/jsp-api-2.1-6.1.14.jar
7f36344c9000-7f36344ec000 r--s 00344000 08:01 10114523                   /opt/android-studio/gradle/gradle-2.8/lib/plugins/core-3.1.1.jar
7f36344ec000-7f36344ed000 r--s 00006000 08:01 10115851                   /opt/android-studio/gradle/gradle-2.8/lib/plugins/jetty-naming-6.1.25.jar
7f36344ed000-7f36344ee000 r--s 00002000 08:01 10114267                   /opt/android-studio/gradle/gradle-2.8/lib/plugins/geronimo-annotation_1.0_spec-1.0.jar
7f36344ee000-7f36344f0000 r--s 00002000 08:01 10114476                   /opt/android-studio/gradle/gradle-2.8/lib/plugins/jetty-annotations-6.1.25.jar
7f36344f0000-7f3634501000 r--s 000ea000 08:01 10114507                   /opt/android-studio/gradle/gradle-2.8/lib/plugins/jsp-2.1-6.1.14.jar
7f3634501000-7f3634503000 r--s 0000d000 08:01 10113817                   /opt/android-studio/gradle/gradle-2.8/lib/plugins/jetty-plus-6.1.25.jar
7f3634503000-7f3634505000 r--s 0001f000 08:01 10114271                   /opt/android-studio/gradle/gradle-2.8/lib/plugins/servlet-api-2.5-20081211.jar
7f3634505000-7f3634509000 r--s 00028000 08:01 10113799                   /opt/android-studio/gradle/gradle-2.8/lib/plugins/jetty-util-6.1.25.jar
7f3634509000-7f3634510000 r--s 0007d000 08:01 10114508                   /opt/android-studio/gradle/gradle-2.8/lib/plugins/jetty-6.1.25.jar
7f3634510000-7f3634512000 r--s 00009000 08:01 10114483                   /opt/android-studio/gradle/gradle-2.8/lib/plugins/gradle-jetty-2.8.jar
7f3634512000-7f3634518000 r--s 00036000 08:01 10114470                   /opt/android-studio/gradle/gradle-2.8/lib/plugins/gradle-code-quality-2.8.jar
7f3634518000-7f363451a000 r--s 00009000 08:01 10114268                   /opt/android-studio/gradle/gradle-2.8/lib/plugins/hamcrest-core-1.3.jar
7f363451a000-7f3634520000 r--s 00033000 08:01 10114509                   /opt/android-studio/gradle/gradle-2.8/lib/plugins/snakeyaml-1.6.jar
7f3634520000-7f3634522000 r--s 00006000 08:01 10113818                   /opt/android-studio/gradle/gradle-2.8/lib/plugins/jcommander-1.12.jar
7f3634522000-7f3634527000 r--s 00040000 08:01 10114520                   /opt/android-studio/gradle/gradle-2.8/lib/plugins/bsh-2.0b4.jar
7f3634527000-7f3634529000 r--s 00009000 08:01 10113811                   /opt/android-studio/gradle/gradle-2.8/lib/plugins/commons-cli-1.2.jar
7f3634529000-7f3634532000 r--s 00089000 08:01 10114265                   /opt/android-studio/gradle/gradle-2.8/lib/plugins/testng-6.3.1.jar
7f3634532000-7f363453a000 r--s 00045000 08:01 10114533                   /opt/android-studio/gradle/gradle-2.8/lib/plugins/junit-4.12.jar
7f363453a000-7f3634546000 r--s 00073000 08:01 10113797                   /opt/android-studio/gradle/gradle-2.8/lib/plugins/gradle-plugins-2.8.jar
7f3634546000-7f363455e000 r--s 00115000 08:01 10114504                   /opt/android-studio/gradle/gradle-2.8/lib/plugins/xercesImpl-2.9.1.jar
7f363455e000-7f3634566000 r--s 00028000 08:01 10114482                   /opt/android-studio/gradle/gradle-2.8/lib/plugins/xml-apis-1.3.04.jar
7f3634566000-7f363456c000 r--s 0005b000 08:01 10113810                   /opt/android-studio/gradle/gradle-2.8/lib/plugins/jcifs-1.3.17.jar
7f363456c000-7f3634572000 r--s 00031000 08:01 10113820                   /opt/android-studio/gradle/gradle-2.8/lib/plugins/httpcore-4.2.2.jar
7f3634572000-7f3634578000 r--s 00033000 08:01 10113806                   /opt/android-studio/gradle/gradle-2.8/lib/plugins/commons-codec-1.6.jar
7f3634578000-7f363457b000 r--s 0001c000 08:01 10115845                   /opt/android-studio/gradle/gradle-2.8/lib/plugins/nekohtml-1.9.14.jar
7f363457b000-7f3634584000 r--s 00060000 08:01 10114266                   /opt/android-studio/gradle/gradle-2.8/lib/plugins/httpclient-4.2.2.jar
7f3634584000-7f3634586000 r--s 00009000 08:01 10115846                   /opt/android-studio/gradle/gradle-2.8/lib/plugins/gradle-resources-http-2.8.jar
7f3634586000-7f3634589000 r--s 00011000 08:01 10113805                   /opt/android-studio/gradle/gradle-2.8/lib/plugins/gradle-plugin-use-2.8.jar
7f3634589000-7f363458a000 r--s 00007000 08:01 10114506                   /opt/android-studio/gradle/gradle-2.8/lib/plugins/wagon-http-shared4-2.4.jar
7f363458a000-7f363458e000 r--s 00033000 08:01 10114526                   /opt/android-studio/gradle/gradle-2.8/lib/plugins/plexus-utils-2.0.6.jar
7f363458e000-7f3634592000 r--s 00021000 08:01 10114471                   /opt/android-studio/gradle/gradle-2.8/lib/plugins/maven-model-builder-3.0.4.jar
7f3634592000-7f3634593000 r--s 00002000 08:01 10114518                   /opt/android-studio/gradle/gradle-2.8/lib/plugins/wagon-file-2.4.jar
7f3634593000-7f3634595000 r--s 00002000 08:01 10115848                   /opt/android-studio/gradle/gradle-2.8/lib/plugins/plexus-cipher-1.7.jar
7f3634595000-7f3634598000 r--s 00013000 08:01 10115847                   /opt/android-studio/gradle/gradle-2.8/lib/plugins/aether-api-1.13.1.jar
7f3634598000-7f363459a000 r--s 0000a000 08:01 10114492                   /opt/android-studio/gradle/gradle-2.8/lib/plugins/maven-settings-3.0.4.jar
7f363459a000-7f363459c000 r--s 0000d000 08:01 10113796                   /opt/android-studio/gradle/gradle-2.8/lib/plugins/plexus-interpolation-1.14.jar
7f363459c000-7f363459e000 r--s 0000b000 08:01 10113822                   /opt/android-studio/gradle/gradle-2.8/lib/plugins/maven-artifact-3.0.4.jar
7f363459e000-7f36345a5000 r--s 0002e000 08:01 10114484                   /opt/android-studio/gradle/gradle-2.8/lib/plugins/plexus-container-default-1.5.5.jar
7f36345a5000-7f36345a7000 r--s 0000b000 08:01 10114517                   /opt/android-studio/gradle/gradle-2.8/lib/plugins/maven-plugin-api-3.0.4.jar
7f36345a7000-7f36345a9000 r--s 00000000 08:01 10114262                   /opt/android-studio/gradle/gradle-2.8/lib/plugins/plexus-component-annotations-1.5.5.jar
7f36345a9000-7f36345af000 r--s 0003f000 08:01 10114263                   /opt/android-studio/gradle/gradle-2.8/lib/plugins/maven-compat-3.0.4.jar
7f36345af000-7f36345b2000 r--s 00008000 08:01 10114536                   /opt/android-studio/gradle/gradle-2.8/lib/plugins/maven-settings-builder-3.0.4.jar
7f36345b2000-7f36345b4000 r--s 00026000 08:01 10114531                   /opt/android-studio/gradle/gradle-2.8/lib/plugins/maven-model-3.0.4.jar
7f36345b4000-7f36345b6000 r--s 00006000 08:01 10114532                   /opt/android-studio/gradle/gradle-2.8/lib/plugins/aether-connector-wagon-1.13.1.jar
7f36345b6000-7f36345b8000 r--s 0000a000 08:01 10113814                   /opt/android-studio/gradle/gradle-2.8/lib/plugins/plexus-classworlds-2.4.jar
7f36345b8000-7f36345ba000 r--s 00006000 08:01 10114516                   /opt/android-studio/gradle/gradle-2.8/lib/plugins/maven-repository-metadata-3.0.4.jar
7f36345ba000-7f36345bc000 r--s 0000c000 08:01 10113801                   /opt/android-studio/gradle/gradle-2.8/lib/plugins/maven-aether-provider-3.0.4.jar
7f36345bc000-7f36345be000 r--s 0000b000 08:01 10113802                   /opt/android-studio/gradle/gradle-2.8/lib/plugins/wagon-provider-api-2.4.jar
7f36345be000-7f36345c2000 r--s 0001c000 08:01 10114496                   /opt/android-studio/gradle/gradle-2.8/lib/plugins/aether-util-1.13.1.jar
7f36345c2000-7f36345c5000 r--s 0001d000 08:01 10113816                   /opt/android-studio/gradle/gradle-2.8/lib/plugins/aether-impl-1.13.1.jar
7f36345c5000-7f36345c9000 r--s 0003d000 08:01 10114487                   /opt/android-studio/gradle/gradle-2.8/lib/plugins/jsch-0.1.51.jar
7f36345c9000-7f3634609000 r--s 00277000 08:01 10114524                   /opt/android-studio/gradle/gradle-2.8/lib/plugins/bcprov-jdk15on-1.51.jar
7f3634609000-7f363460d000 r--s 0001d000 08:01 10114525                   /opt/android-studio/gradle/gradle-2.8/lib/plugins/xbean-reflect-3.4.jar
7f363460d000-7f3634619000 r--s 0007d000 08:01 10113804                   /opt/android-studio/gradle/gradle-2.8/lib/plugins/maven-core-3.0.4.jar
7f3634619000-7f363461e000 r--s 0002a000 08:01 10114530                   /opt/android-studio/gradle/gradle-2.8/lib/plugins/gson-2.2.4.jar
7f363461e000-7f363462d000 r--s 000d9000 08:01 10114510                   /opt/android-studio/gradle/gradle-2.8/lib/plugins/ivy-2.2.0.jar
7f363462d000-7f3634643000 r-xp 00000000 08:01 14192282                   /lib/x86_64-linux-gnu/libgcc_s.so.1
7f3634643000-7f3634842000 ---p 00016000 08:01 14192282                   /lib/x86_64-linux-gnu/libgcc_s.so.1
7f3634842000-7f3634843000 rw-p 00015000 08:01 14192282                   /lib/x86_64-linux-gnu/libgcc_s.so.1
7f3634843000-7f3634929000 r-xp 00000000 08:01 6304719                    /usr/lib/x86_64-linux-gnu/libstdc++.so.6.0.19
7f3634929000-7f3634b28000 ---p 000e6000 08:01 6304719                    /usr/lib/x86_64-linux-gnu/libstdc++.so.6.0.19
7f3634b28000-7f3634b30000 r--p 000e5000 08:01 6304719                    /usr/lib/x86_64-linux-gnu/libstdc++.so.6.0.19
7f3634b30000-7f3634b32000 rw-p 000ed000 08:01 6304719                    /usr/lib/x86_64-linux-gnu/libstdc++.so.6.0.19
7f3634b32000-7f3634b47000 rw-p 00000000 00:00 0 
7f3634b47000-7f3634b48000 r--s 00002000 08:01 10113800                   /opt/android-studio/gradle/gradle-2.8/lib/plugins/wagon-http-2.4.jar
7f3634b48000-7f3634b49000 r--s 00003000 08:01 10114486                   /opt/android-studio/gradle/gradle-2.8/lib/plugins/aether-spi-1.13.1.jar
7f3634b49000-7f3634b4a000 r--s 00006000 08:01 10114511                   /opt/android-studio/gradle/gradle-2.8/lib/plugins/plexus-sec-dispatcher-1.3.jar
7f3634b4a000-7f3634b66000 r--s 000ca000 08:01 10114494                   /opt/android-studio/gradle/gradle-2.8/lib/plugins/gradle-dependency-management-2.8.jar
7f3634b66000-7f3634b6a000 r-xp 00000000 08:01 13265288                   /home/james/.gradle/native/19/linux-amd64/libnative-platform.so
7f3634b6a000-7f3634d69000 ---p 00004000 08:01 13265288                   /home/james/.gradle/native/19/linux-amd64/libnative-platform.so
7f3634d69000-7f3634d6a000 rw-p 00003000 08:01 13265288                   /home/james/.gradle/native/19/linux-amd64/libnative-platform.so
7f3634d6a000-7f3634d7b000 r-xp 00000000 08:01 9460590                    /usr/lib/jvm/java-8-oracle/jre/lib/amd64/libnio.so
7f3634d7b000-7f3634f7a000 ---p 00011000 08:01 9460590                    /usr/lib/jvm/java-8-oracle/jre/lib/amd64/libnio.so
7f3634f7a000-7f3634f7b000 rw-p 00010000 08:01 9460590                    /usr/lib/jvm/java-8-oracle/jre/lib/amd64/libnio.so
7f3634f7b000-7f3634f91000 r-xp 00000000 08:01 9460612                    /usr/lib/jvm/java-8-oracle/jre/lib/amd64/libnet.so
7f3634f91000-7f3635191000 ---p 00016000 08:01 9460612                    /usr/lib/jvm/java-8-oracle/jre/lib/amd64/libnet.so
7f3635191000-7f3635192000 rw-p 00016000 08:01 9460612                    /usr/lib/jvm/java-8-oracle/jre/lib/amd64/libnet.so
7f3635192000-7f3635193000 r--s 00006000 08:01 10113758                   /opt/android-studio/gradle/gradle-2.8/lib/gradle-wrapper-2.8.jar
7f3635193000-7f363519e000 r--s 0003a000 08:01 10115857                   /opt/android-studio/gradle/gradle-2.8/lib/gradle-tooling-api-2.8.jar
7f363519e000-7f36351a0000 r--s 00002000 08:01 10113763                   /opt/android-studio/gradle/gradle-2.8/lib/gradle-open-api-2.8.jar
7f36351a0000-7f36351a6000 r--s 00032000 08:01 10113785                   /opt/android-studio/gradle/gradle-2.8/lib/jaxen-1.1.jar
7f36351a6000-7f36351ab000 r--s 00048000 08:01 10113760                   /opt/android-studio/gradle/gradle-2.8/lib/dom4j-1.6.1.jar
7f36351ab000-7f36351b6000 r--s 00059000 08:01 10113781                   /opt/android-studio/gradle/gradle-2.8/lib/gradle-ui-2.8.jar
7f36351b6000-7f36351b9000 r--s 00008000 08:01 10113765                   /opt/android-studio/gradle/gradle-2.8/lib/gradle-resources-2.8.jar
7f36351b9000-7f36351bb000 r--s 00007000 08:01 10113787                   /opt/android-studio/gradle/gradle-2.8/lib/objenesis-1.2.jar
7f36351bb000-7f36351bd000 r--s 00000000 08:01 10113788                   /opt/android-studio/gradle/gradle-2.8/lib/minlog-1.2.jar
7f36351bd000-7f36351bf000 r--s 0000f000 08:01 10113791                   /opt/android-studio/gradle/gradle-2.8/lib/reflectasm-1.07-shaded.jar
7f36351bf000-7f36351c3000 r--s 00026000 08:01 10115854                   /opt/android-studio/gradle/gradle-2.8/lib/kryo-2.20.jar
7f36351c3000-7f36351cc000 r--s 0003f000 08:01 10113759                   /opt/android-studio/gradle/gradle-2.8/lib/gradle-messaging-2.8.jar
7f36351cc000-7f36351cd000 r--s 00003000 08:01 10113792                   /opt/android-studio/gradle/gradle-2.8/lib/native-platform-freebsd-amd64-0.10.jar
7f36351cd000-7f36351ce000 r--s 00003000 08:01 10113776                   /opt/android-studio/gradle/gradle-2.8/lib/native-platform-freebsd-i386-0.10.jar
7f36351ce000-7f36351cf000 r--s 00005000 08:01 10113783                   /opt/android-studio/gradle/gradle-2.8/lib/native-platform-windows-i386-0.10.jar
7f36351cf000-7f36351d0000 r--s 00005000 08:01 10113754                   /opt/android-studio/gradle/gradle-2.8/lib/native-platform-windows-amd64-0.10.jar
7f36351d0000-7f36351d1000 r--s 00003000 08:01 10113757                   /opt/android-studio/gradle/gradle-2.8/lib/native-platform-linux-i386-0.10.jar
7f36351d1000-7f36351d2000 r--s 00003000 08:01 10113767                   /opt/android-studio/gradle/gradle-2.8/lib/native-platform-linux-amd64-0.10.jar
7f36351d2000-7f36351d3000 r--s 00002000 08:01 10115855                   /opt/android-studio/gradle/gradle-2.8/lib/native-platform-osx-amd64-0.10.jar
7f36351d3000-7f36351d4000 r--s 00002000 08:01 10113775                   /opt/android-studio/gradle/gradle-2.8/lib/native-platform-osx-i386-0.10.jar
7f36351d4000-7f36351d6000 r--s 00008000 08:01 10113773                   /opt/android-studio/gradle/gradle-2.8/lib/jansi-1.2.1.jar
7f36351d6000-7f36351d9000 r--s 0000d000 08:01 10113789                   /opt/android-studio/gradle/gradle-2.8/lib/native-platform-0.10.jar
7f36351d9000-7f36351dd000 r--s 000e4000 08:01 10113756                   /opt/android-studio/gradle/gradle-2.8/lib/jna-3.2.7.jar
7f36351dd000-7f36351df000 r--s 00008000 08:01 10113774                   /opt/android-studio/gradle/gradle-2.8/lib/gradle-native-2.8.jar
7f36351df000-7f36351e1000 r--s 00005000 08:01 10113794                   /opt/android-studio/gradle/gradle-2.8/lib/gradle-cli-2.8.jar
7f36351e1000-7f36351e2000 r--s 00007000 08:01 10113779                   /opt/android-studio/gradle/gradle-2.8/lib/gradle-model-groovy-2.8.jar
7f36351e2000-7f36351e3000 r--s 00006000 08:01 10113755                   /opt/android-studio/gradle/gradle-2.8/lib/gradle-base-services-groovy-2.8.jar
7f36351e3000-7f36351ef000 r--s 00067000 08:01 10113762                   /opt/android-studio/gradle/gradle-2.8/lib/gradle-model-core-2.8.jar
7f36351ef000-7f36351f0000 r--s 00000000 08:01 10113780                   /opt/android-studio/gradle/gradle-2.8/lib/gradle-docs-2.8.jar
7f36351f0000-7f36351f2000 r--s 00003000 08:01 10113769                   /opt/android-studio/gradle/gradle-2.8/lib/jcl-over-slf4j-1.7.10.jar
7f36351f2000-7f36351f3000 r--s 00005000 08:01 10115856                   /opt/android-studio/gradle/gradle-2.8/lib/log4j-over-slf4j-1.7.10.jar
7f36351f3000-7f36351f6000 r--s 0001b000 08:01 10113768                   /opt/android-studio/gradle/gradle-2.8/lib/jarjar-1.3.jar
7f36351f6000-7f36351f8000 r--s 00000000 08:01 10115853                   /opt/android-studio/gradle/gradle-2.8/lib/jul-to-slf4j-1.7.10.jar
7f36351f8000-7f36351f9000 ---p 00000000 00:00 0 
7f36351f9000-7f36352f9000 rw-p 00000000 00:00 0                          [stack:9400]
7f36352f9000-7f36352fc000 ---p 00000000 00:00 0 
7f36352fc000-7f36353fa000 rw-p 00000000 00:00 0                          [stack:9399]
7f36353fa000-7f36353fd000 ---p 00000000 00:00 0 
7f36353fd000-7f36354fb000 rw-p 00000000 00:00 0                          [stack:9398]
7f36354fb000-7f36354fe000 ---p 00000000 00:00 0 
7f36354fe000-7f36355fc000 rw-p 00000000 00:00 0                          [stack:9397]
7f36355fc000-7f36355ff000 ---p 00000000 00:00 0 
7f36355ff000-7f36356fd000 rw-p 00000000 00:00 0                          [stack:9396]
7f36356fd000-7f3635700000 ---p 00000000 00:00 0 
7f3635700000-7f36357fe000 rw-p 00000000 00:00 0                          [stack:9395]
7f36357fe000-7f3635801000 ---p 00000000 00:00 0 
7f3635801000-7f36358ff000 rw-p 00000000 00:00 0                          [stack:9394]
7f36358ff000-7f3635cfd000 r--p 00000000 08:01 6308072                    /usr/lib/locale/locale-archive
7f3635cfd000-7f3635d00000 ---p 00000000 00:00 0 
7f3635d00000-7f3635dfe000 rw-p 00000000 00:00 0                          [stack:9393]
7f3635dfe000-7f3635e01000 ---p 00000000 00:00 0 
7f3635e01000-7f3635eff000 rw-p 00000000 00:00 0                          [stack:9392]
7f3635eff000-7f3635f00000 ---p 00000000 00:00 0 
7f3635f00000-7f3638000000 rw-p 00000000 00:00 0                          [stack:9391]
7f3638000000-7f3638021000 rw-p 00000000 00:00 0 
7f3638021000-7f363c000000 ---p 00000000 00:00 0 
7f363c000000-7f363c001000 r--s 00000000 08:01 10113778                   /opt/android-studio/gradle/gradle-2.8/lib/javax.inject-1.jar
7f363c001000-7f363c002000 r--s 00000000 08:01 10113772                   /opt/android-studio/gradle/gradle-2.8/lib/jcip-annotations-1.0.jar
7f363c002000-7f363c005000 r--s 00018000 08:01 10113793                   /opt/android-studio/gradle/gradle-2.8/lib/commons-io-1.4.jar
7f363c005000-7f363c074000 r--s 0063e000 08:01 10113784                   /opt/android-studio/gradle/gradle-2.8/lib/groovy-all-2.4.4.jar
7f363c074000-7f363c09c000 r--s 001cf000 08:01 10113771                   /opt/android-studio/gradle/gradle-2.8/lib/guava-jdk5-17.0.jar
7f363c09c000-7f363c0bb000 r--s 001cc000 08:01 10113766                   /opt/android-studio/gradle/gradle-2.8/lib/ant-1.9.3.jar
7f363c0bb000-7f363c0f1000 r--s 001b5000 08:01 10113764                   /opt/android-studio/gradle/gradle-2.8/lib/gradle-core-2.8.jar
7f363c0f1000-7f363d000000 rw-p 00000000 00:00 0 
7f363d000000-7f3640790000 rwxp 00000000 00:00 0 
7f3640790000-7f364c000000 ---p 00000000 00:00 0 
7f364c000000-7f364cbab000 rw-p 00000000 00:00 0 
7f364cbab000-7f3650000000 ---p 00000000 00:00 0 
7f3650000000-7f365000e000 r--s 0007f000 08:01 10113790                   /opt/android-studio/gradle/gradle-2.8/lib/commons-collections-3.2.1.jar
7f365000e000-7f3650013000 r--s 00036000 08:01 10113777                   /opt/android-studio/gradle/gradle-2.8/lib/asm-all-5.0.3.jar
7f3650013000-7f3650018000 r--s 00041000 08:01 10113761                   /opt/android-studio/gradle/gradle-2.8/lib/commons-lang-2.6.jar
7f3650018000-7f3650019000 r--s 00007000 08:01 10113753                   /opt/android-studio/gradle/gradle-2.8/lib/slf4j-api-1.7.10.jar
7f3650019000-7f3650023000 r--s 0004a000 08:01 10113782                   /opt/android-studio/gradle/gradle-2.8/lib/gradle-launcher-2.8.jar
7f3650023000-7f3650d58000 rw-p 00000000 00:00 0 
7f3650d58000-7f3650f30000 r--s 03d1d000 08:01 9461584                    /usr/lib/jvm/java-8-oracle/jre/lib/rt.jar
7f3650f30000-7f36519a6000 rw-p 00000000 00:00 0 
7f36519a6000-7f36519a7000 ---p 00000000 00:00 0 
7f36519a7000-7f3651aa7000 rw-p 00000000 00:00 0                          [stack:9390]
7f3651aa7000-7f3651aa8000 ---p 00000000 00:00 0 
7f3651aa8000-7f3651ba8000 rw-p 00000000 00:00 0                          [stack:9389]
7f3651ba8000-7f3651ba9000 ---p 00000000 00:00 0 
7f3651ba9000-7f3651ca9000 rw-p 00000000 00:00 0                          [stack:9388]
7f3651ca9000-7f3651caa000 ---p 00000000 00:00 0 
7f3651caa000-7f3651daa000 rw-p 00000000 00:00 0                          [stack:9387]
7f3651daa000-7f3651dab000 ---p 00000000 00:00 0 
7f3651dab000-7f3651eab000 rw-p 00000000 00:00 0                          [stack:9386]
7f3651eab000-7f3651eac000 ---p 00000000 00:00 0 
7f3651eac000-7f3651fac000 rw-p 00000000 00:00 0                          [stack:9385]
7f3651fac000-7f3651fad000 ---p 00000000 00:00 0 
7f3651fad000-7f36520ad000 rw-p 00000000 00:00 0                          [stack:9384]
7f36520ad000-7f36520ae000 ---p 00000000 00:00 0 
7f36520ae000-7f36521ea000 rw-p 00000000 00:00 0                          [stack:9383]
7f36521ea000-7f3652304000 ---p 00000000 00:00 0 
7f3652304000-7f3652340000 rw-p 00000000 00:00 0 
7f3652340000-7f3652459000 ---p 00000000 00:00 0 
7f3652459000-7f36524ba000 rw-p 00000000 00:00 0 
7f36524ba000-7f3652504000 ---p 00000000 00:00 0 
7f3652504000-7f36525e4000 rw-p 00000000 00:00 0 
7f36525e4000-7f36528c5000 ---p 00000000 00:00 0 
7f36528c5000-7f36528df000 r-xp 00000000 08:01 9460620                    /usr/lib/jvm/java-8-oracle/jre/lib/amd64/libzip.so
7f36528df000-7f3652adf000 ---p 0001a000 08:01 9460620                    /usr/lib/jvm/java-8-oracle/jre/lib/amd64/libzip.so
7f3652adf000-7f3652ae0000 rw-p 0001a000 08:01 9460620                    /usr/lib/jvm/java-8-oracle/jre/lib/amd64/libzip.so
7f3652ae0000-7f3652aeb000 r-xp 00000000 08:01 14190539                   /lib/x86_64-linux-gnu/libnss_files-2.19.so
7f3652aeb000-7f3652cea000 ---p 0000b000 08:01 14190539                   /lib/x86_64-linux-gnu/libnss_files-2.19.so
7f3652cea000-7f3652ceb000 r--p 0000a000 08:01 14190539                   /lib/x86_64-linux-gnu/libnss_files-2.19.so
7f3652ceb000-7f3652cec000 rw-p 0000b000 08:01 14190539                   /lib/x86_64-linux-gnu/libnss_files-2.19.so
7f3652cec000-7f3652cf7000 r-xp 00000000 08:01 14190511                   /lib/x86_64-linux-gnu/libnss_nis-2.19.so
7f3652cf7000-7f3652ef6000 ---p 0000b000 08:01 14190511                   /lib/x86_64-linux-gnu/libnss_nis-2.19.so
7f3652ef6000-7f3652ef7000 r--p 0000a000 08:01 14190511                   /lib/x86_64-linux-gnu/libnss_nis-2.19.so
7f3652ef7000-7f3652ef8000 rw-p 0000b000 08:01 14190511                   /lib/x86_64-linux-gnu/libnss_nis-2.19.so
7f3652ef8000-7f3652f0f000 r-xp 00000000 08:01 14190505                   /lib/x86_64-linux-gnu/libnsl-2.19.so
7f3652f0f000-7f365310e000 ---p 00017000 08:01 14190505                   /lib/x86_64-linux-gnu/libnsl-2.19.so
7f365310e000-7f365310f000 r--p 00016000 08:01 14190505                   /lib/x86_64-linux-gnu/libnsl-2.19.so
7f365310f000-7f3653110000 rw-p 00017000 08:01 14190505                   /lib/x86_64-linux-gnu/libnsl-2.19.so
7f3653110000-7f3653112000 rw-p 00000000 00:00 0 
7f3653112000-7f365311b000 r-xp 00000000 08:01 14190495                   /lib/x86_64-linux-gnu/libnss_compat-2.19.so
7f365311b000-7f365331a000 ---p 00009000 08:01 14190495                   /lib/x86_64-linux-gnu/libnss_compat-2.19.so
7f365331a000-7f365331b000 r--p 00008000 08:01 14190495                   /lib/x86_64-linux-gnu/libnss_compat-2.19.so
7f365331b000-7f365331c000 rw-p 00009000 08:01 14190495                   /lib/x86_64-linux-gnu/libnss_compat-2.19.so
7f365331c000-7f3653346000 r-xp 00000000 08:01 9459187                    /usr/lib/jvm/java-8-oracle/jre/lib/amd64/libjava.so
7f3653346000-7f3653546000 ---p 0002a000 08:01 9459187                    /usr/lib/jvm/java-8-oracle/jre/lib/amd64/libjava.so
7f3653546000-7f3653548000 rw-p 0002a000 08:01 9459187                    /usr/lib/jvm/java-8-oracle/jre/lib/amd64/libjava.so
7f3653548000-7f3653555000 r-xp 00000000 08:01 9459184                    /usr/lib/jvm/java-8-oracle/jre/lib/amd64/libverify.so
7f3653555000-7f3653755000 ---p 0000d000 08:01 9459184                    /usr/lib/jvm/java-8-oracle/jre/lib/amd64/libverify.so
7f3653755000-7f3653757000 rw-p 0000d000 08:01 9459184                    /usr/lib/jvm/java-8-oracle/jre/lib/amd64/libverify.so
7f3653757000-7f365375e000 r-xp 00000000 08:01 14190520                   /lib/x86_64-linux-gnu/librt-2.19.so
7f365375e000-7f365395d000 ---p 00007000 08:01 14190520                   /lib/x86_64-linux-gnu/librt-2.19.so
7f365395d000-7f365395e000 r--p 00006000 08:01 14190520                   /lib/x86_64-linux-gnu/librt-2.19.so
7f365395e000-7f365395f000 rw-p 00007000 08:01 14190520                   /lib/x86_64-linux-gnu/librt-2.19.so
7f365395f000-7f3653a64000 r-xp 00000000 08:01 14190490                   /lib/x86_64-linux-gnu/libm-2.19.so
7f3653a64000-7f3653c63000 ---p 00105000 08:01 14190490                   /lib/x86_64-linux-gnu/libm-2.19.so
7f3653c63000-7f3653c64000 r--p 00104000 08:01 14190490                   /lib/x86_64-linux-gnu/libm-2.19.so
7f3653c64000-7f3653c65000 rw-p 00105000 08:01 14190490                   /lib/x86_64-linux-gnu/libm-2.19.so
7f3653c65000-7f3654924000 r-xp 00000000 08:01 9460603                    /usr/lib/jvm/java-8-oracle/jre/lib/amd64/server/libjvm.so
7f3654924000-7f3654b23000 ---p 00cbf000 08:01 9460603                    /usr/lib/jvm/java-8-oracle/jre/lib/amd64/server/libjvm.so
7f3654b23000-7f3654bfc000 rw-p 00cbe000 08:01 9460603                    /usr/lib/jvm/java-8-oracle/jre/lib/amd64/server/libjvm.so
7f3654bfc000-7f3654c45000 rw-p 00000000 00:00 0 
7f3654c45000-7f3654e00000 r-xp 00000000 08:01 14190521                   /lib/x86_64-linux-gnu/libc-2.19.so
7f3654e00000-7f3654fff000 ---p 001bb000 08:01 14190521                   /lib/x86_64-linux-gnu/libc-2.19.so
7f3654fff000-7f3655003000 r--p 001ba000 08:01 14190521                   /lib/x86_64-linux-gnu/libc-2.19.so
7f3655003000-7f3655005000 rw-p 001be000 08:01 14190521                   /lib/x86_64-linux-gnu/libc-2.19.so
7f3655005000-7f365500a000 rw-p 00000000 00:00 0 
7f365500a000-7f365500d000 r-xp 00000000 08:01 14190492                   /lib/x86_64-linux-gnu/libdl-2.19.so
7f365500d000-7f365520c000 ---p 00003000 08:01 14190492                   /lib/x86_64-linux-gnu/libdl-2.19.so
7f365520c000-7f365520d000 r--p 00002000 08:01 14190492                   /lib/x86_64-linux-gnu/libdl-2.19.so
7f365520d000-7f365520e000 rw-p 00003000 08:01 14190492                   /lib/x86_64-linux-gnu/libdl-2.19.so
7f365520e000-7f3655223000 r-xp 00000000 08:01 9590469                    /usr/lib/jvm/java-8-oracle/lib/amd64/jli/libjli.so
7f3655223000-7f3655423000 ---p 00015000 08:01 9590469                    /usr/lib/jvm/java-8-oracle/lib/amd64/jli/libjli.so
7f3655423000-7f3655424000 rw-p 00015000 08:01 9590469                    /usr/lib/jvm/java-8-oracle/lib/amd64/jli/libjli.so
7f3655424000-7f365543d000 r-xp 00000000 08:01 14190506                   /lib/x86_64-linux-gnu/libpthread-2.19.so
7f365543d000-7f365563c000 ---p 00019000 08:01 14190506                   /lib/x86_64-linux-gnu/libpthread-2.19.so
7f365563c000-7f365563d000 r--p 00018000 08:01 14190506                   /lib/x86_64-linux-gnu/libpthread-2.19.so
7f365563d000-7f365563e000 rw-p 00019000 08:01 14190506                   /lib/x86_64-linux-gnu/libpthread-2.19.so
7f365563e000-7f3655642000 rw-p 00000000 00:00 0 
7f3655642000-7f3655665000 r-xp 00000000 08:01 14190509                   /lib/x86_64-linux-gnu/ld-2.19.so
7f3655665000-7f365566c000 r--s 00032000 08:01 10113786                   /opt/android-studio/gradle/gradle-2.8/lib/gradle-base-services-2.8.jar
7f365566c000-7f365573e000 rw-p 00000000 00:00 0 
7f365573e000-7f3655741000 ---p 00000000 00:00 0 
7f3655741000-7f3655843000 rw-p 00000000 00:00 0                          [stack:9382]
7f3655843000-7f3655844000 r--s 00004000 08:01 10113770                   /opt/android-studio/gradle/gradle-2.8/lib/ant-launcher-1.9.3.jar
7f3655844000-7f3655858000 rw-p 00000000 00:00 0 
7f3655858000-7f3655860000 rw-s 00000000 08:01 20098419                   /tmp/hsperfdata_james/9379
7f3655860000-7f3655861000 rw-p 00000000 00:00 0 
7f3655861000-7f3655862000 r--p 00000000 00:00 0 
7f3655862000-7f3655864000 rw-p 00000000 00:00 0 
7f3655864000-7f3655865000 r--p 00022000 08:01 14190509                   /lib/x86_64-linux-gnu/ld-2.19.so
7f3655865000-7f3655866000 rw-p 00023000 08:01 14190509                   /lib/x86_64-linux-gnu/ld-2.19.so
7f3655866000-7f3655867000 rw-p 00000000 00:00 0 
7ffe656df000-7ffe65700000 rw-p 00000000 00:00 0                          [stack]
7ffe657a4000-7ffe657a6000 r--p 00000000 00:00 0                          [vvar]
7ffe657a6000-7ffe657a8000 r-xp 00000000 00:00 0                          [vdso]
ffffffffff600000-ffffffffff601000 r-xp 00000000 00:00 0                  [vsyscall]

VM Arguments:
jvm_args: -XX:MaxPermSize=256m -XX:+HeapDumpOnOutOfMemoryError -Xmx1024m -Dfile.encoding=UTF-8 -Duser.country=US -Duser.language=en -Duser.variant 
java_command: org.gradle.launcher.daemon.bootstrap.GradleDaemon 2.8
java_class_path (initial): /opt/android-studio/gradle/gradle-2.8/lib/gradle-launcher-2.8.jar
Launcher Type: SUN_STANDARD

Environment Variables:
PATH=/home/james/.rvm/gems/ruby-2.2.3/bin:/home/james/.rvm/gems/ruby-2.2.3@global/bin:/home/james/.rvm/rubies/ruby-2.2.3/bin:/home/james/.dropbox-bin:/usr/local/sbin:/usr/local/bin:/usr/sbin:/usr/bin:/sbin:/bin:/usr/games:/usr/local/games:/home/james/.rvm/bin
LD_LIBRARY_PATH=/opt/android-studio/bin:
SHELL=/bin/bash
DISPLAY=:0

Signal Handlers:
SIGSEGV: [libjvm.so+0xabb070], sa_mask[0]=11111111011111111101111111111110, sa_flags=SA_RESTART|SA_SIGINFO
SIGBUS: [libjvm.so+0xabb070], sa_mask[0]=11111111011111111101111111111110, sa_flags=SA_RESTART|SA_SIGINFO
SIGFPE: [libjvm.so+0x918480], sa_mask[0]=11111111011111111101111111111110, sa_flags=SA_RESTART|SA_SIGINFO
SIGPIPE: [libjvm.so+0x918480], sa_mask[0]=11111111011111111101111111111110, sa_flags=SA_RESTART|SA_SIGINFO
SIGXFSZ: [libjvm.so+0x918480], sa_mask[0]=11111111011111111101111111111110, sa_flags=SA_RESTART|SA_SIGINFO
SIGILL: [libjvm.so+0x918480], sa_mask[0]=11111111011111111101111111111110, sa_flags=SA_RESTART|SA_SIGINFO
SIGUSR1: SIG_DFL, sa_mask[0]=00000000000000000000000000000000, sa_flags=none
SIGUSR2: [libjvm.so+0x919ab0], sa_mask[0]=00100000000000000000000000000000, sa_flags=SA_RESTART|SA_SIGINFO
SIGHUP: [libjvm.so+0x91aeb0], sa_mask[0]=11111111011111111101111111111110, sa_flags=SA_RESTART|SA_SIGINFO
SIGINT: [libjvm.so+0x91aeb0], sa_mask[0]=11111111011111111101111111111110, sa_flags=SA_RESTART|SA_SIGINFO
SIGTERM: [libjvm.so+0x91aeb0], sa_mask[0]=11111111011111111101111111111110, sa_flags=SA_RESTART|SA_SIGINFO
SIGQUIT: [libjvm.so+0x91aeb0], sa_mask[0]=11111111011111111101111111111110, sa_flags=SA_RESTART|SA_SIGINFO


---------------  S Y S T E M  ---------------

OS:DISTRIB_ID="elementary OS"
DISTRIB_RELEASE=0.3.2
DISTRIB_CODENAME=freya
DISTRIB_DESCRIPTION="elementary OS Freya"

uname:Linux 3.19.0-51-generic #58~14.04.1-Ubuntu SMP Fri Feb 26 22:02:58 UTC 2016 x86_64
libc:glibc 2.19 NPTL 2.19 
rlimit: STACK 8192k, CORE 0k, NPROC 31334, NOFILE 4096, AS infinity
load average:0.57 0.83 0.67

/proc/meminfo:
MemTotal:        8052584 kB
MemFree:          411328 kB
MemAvailable:    2143980 kB
Buffers:          238312 kB
Cached:          1826652 kB
SwapCached:          640 kB
Active:          4881268 kB
Inactive:        1853056 kB
Active(anon):    4013572 kB
Inactive(anon):  1067760 kB
Active(file):     867696 kB
Inactive(file):   785296 kB
Unevictable:          96 kB
Mlocked:              96 kB
SwapTotal:       4071420 kB
SwapFree:        4061664 kB
Dirty:              2452 kB
Writeback:             0 kB
AnonPages:       4669268 kB
Mapped:           862640 kB
Shmem:            411744 kB
Slab:             382716 kB
SReclaimable:     333076 kB
SUnreclaim:        49640 kB
KernelStack:       12320 kB
PageTables:        48668 kB
NFS_Unstable:          0 kB
Bounce:                0 kB
WritebackTmp:          0 kB
CommitLimit:     8097712 kB
Committed_AS:    9704756 kB
VmallocTotal:   34359738367 kB
VmallocUsed:      358424 kB
VmallocChunk:   34359374832 kB
HardwareCorrupted:     0 kB
AnonHugePages:   2732032 kB
CmaTotal:              0 kB
CmaFree:               0 kB
HugePages_Total:       0
HugePages_Free:        0
HugePages_Rsvd:        0
HugePages_Surp:        0
Hugepagesize:       2048 kB
DirectMap4k:      245200 kB
DirectMap2M:     8022016 kB


CPU:total 8 (4 cores per cpu, 2 threads per core) family 6 model 42 stepping 7, cmov, cx8, fxsr, mmx, sse, sse2, sse3, ssse3, sse4.1, sse4.2, popcnt, avx, aes, clmul, ht, tsc, tscinvbit

/proc/cpuinfo:
processor	: 0
vendor_id	: GenuineIntel
cpu family	: 6
model		: 42
model name	: Intel(R) Core(TM) i7-2760QM CPU @ 2.40GHz
stepping	: 7
microcode	: 0x28
cpu MHz		: 3199.968
cache size	: 6144 KB
physical id	: 0
siblings	: 8
core id		: 0
cpu cores	: 4
apicid		: 0
initial apicid	: 0
fpu		: yes
fpu_exception	: yes
cpuid level	: 13
wp		: yes
flags		: fpu vme de pse tsc msr pae mce cx8 apic sep mtrr pge mca cmov pat pse36 clflush dts acpi mmx fxsr sse sse2 ss ht tm pbe syscall nx rdtscp lm constant_tsc arch_perfmon pebs bts rep_good nopl xtopology nonstop_tsc aperfmperf eagerfpu pni pclmulqdq dtes64 monitor ds_cpl vmx smx est tm2 ssse3 cx16 xtpr pdcm pcid sse4_1 sse4_2 x2apic popcnt tsc_deadline_timer aes xsave avx lahf_lm ida arat epb pln pts dtherm tpr_shadow vnmi flexpriority ept vpid xsaveopt
bugs		:
bogomips	: 4789.35
clflush size	: 64
cache_alignment	: 64
address sizes	: 36 bits physical, 48 bits virtual
power management:

processor	: 1
vendor_id	: GenuineIntel
cpu family	: 6
model		: 42
model name	: Intel(R) Core(TM) i7-2760QM CPU @ 2.40GHz
stepping	: 7
microcode	: 0x28
cpu MHz		: 3199.968
cache size	: 6144 KB
physical id	: 0
siblings	: 8
core id		: 1
cpu cores	: 4
apicid		: 2
initial apicid	: 2
fpu		: yes
fpu_exception	: yes
cpuid level	: 13
wp		: yes
flags		: fpu vme de pse tsc msr pae mce cx8 apic sep mtrr pge mca cmov pat pse36 clflush dts acpi mmx fxsr sse sse2 ss ht tm pbe syscall nx rdtscp lm constant_tsc arch_perfmon pebs bts rep_good nopl xtopology nonstop_tsc aperfmperf eagerfpu pni pclmulqdq dtes64 monitor ds_cpl vmx smx est tm2 ssse3 cx16 xtpr pdcm pcid sse4_1 sse4_2 x2apic popcnt tsc_deadline_timer aes xsave avx lahf_lm ida arat epb pln pts dtherm tpr_shadow vnmi flexpriority ept vpid xsaveopt
bugs		:
bogomips	: 4789.35
clflush size	: 64
cache_alignment	: 64
address sizes	: 36 bits physical, 48 bits virtual
power management:

processor	: 2
vendor_id	: GenuineIntel
cpu family	: 6
model		: 42
model name	: Intel(R) Core(TM) i7-2760QM CPU @ 2.40GHz
stepping	: 7
microcode	: 0x28
cpu MHz		: 3199.968
cache size	: 6144 KB
physical id	: 0
siblings	: 8
core id		: 2
cpu cores	: 4
apicid		: 4
initial apicid	: 4
fpu		: yes
fpu_exception	: yes
cpuid level	: 13
wp		: yes
flags		: fpu vme de pse tsc msr pae mce cx8 apic sep mtrr pge mca cmov pat pse36 clflush dts acpi mmx fxsr sse sse2 ss ht tm pbe syscall nx rdtscp lm constant_tsc arch_perfmon pebs bts rep_good nopl xtopology nonstop_tsc aperfmperf eagerfpu pni pclmulqdq dtes64 monitor ds_cpl vmx smx est tm2 ssse3 cx16 xtpr pdcm pcid sse4_1 sse4_2 x2apic popcnt tsc_deadline_timer aes xsave avx lahf_lm ida arat epb pln pts dtherm tpr_shadow vnmi flexpriority ept vpid xsaveopt
bugs		:
bogomips	: 4789.35
clflush size	: 64
cache_alignment	: 64
address sizes	: 36 bits physical, 48 bits virtual
power management:

processor	: 3
vendor_id	: GenuineIntel
cpu family	: 6
model		: 42
model name	: Intel(R) Core(TM) i7-2760QM CPU @ 2.40GHz
stepping	: 7
microcode	: 0x28
cpu MHz		: 3199.968
cache size	: 6144 KB
physical id	: 0
siblings	: 8
core id		: 3
cpu cores	: 4
apicid		: 6
initial apicid	: 6
fpu		: yes
fpu_exception	: yes
cpuid level	: 13
wp		: yes
flags		: fpu vme de pse tsc msr pae mce cx8 apic sep mtrr pge mca cmov pat pse36 clflush dts acpi mmx fxsr sse sse2 ss ht tm pbe syscall nx rdtscp lm constant_tsc arch_perfmon pebs bts rep_good nopl xtopology nonstop_tsc aperfmperf eagerfpu pni pclmulqdq dtes64 monitor ds_cpl vmx smx est tm2 ssse3 cx16 xtpr pdcm pcid sse4_1 sse4_2 x2apic popcnt tsc_deadline_timer aes xsave avx lahf_lm ida arat epb pln pts dtherm tpr_shadow vnmi flexpriority ept vpid xsaveopt
bugs		:
bogomips	: 4789.35
clflush size	: 64
cache_alignment	: 64
address sizes	: 36 bits physical, 48 bits virtual
power management:

processor	: 4
vendor_id	: GenuineIntel
cpu family	: 6
model		: 42
model name	: Intel(R) Core(TM) i7-2760QM CPU @ 2.40GHz
stepping	: 7
microcode	: 0x28
cpu MHz		: 3199.968
cache size	: 6144 KB
physical id	: 0
siblings	: 8
core id		: 0
cpu cores	: 4
apicid		: 1
initial apicid	: 1
fpu		: yes
fpu_exception	: yes
cpuid level	: 13
wp		: yes
flags		: fpu vme de pse tsc msr pae mce cx8 apic sep mtrr pge mca cmov pat pse36 clflush dts acpi mmx fxsr sse sse2 ss ht tm pbe syscall nx rdtscp lm constant_tsc arch_perfmon pebs bts rep_good nopl xtopology nonstop_tsc aperfmperf eagerfpu pni pclmulqdq dtes64 monitor ds_cpl vmx smx est tm2 ssse3 cx16 xtpr pdcm pcid sse4_1 sse4_2 x2apic popcnt tsc_deadline_timer aes xsave avx lahf_lm ida arat epb pln pts dtherm tpr_shadow vnmi flexpriority ept vpid xsaveopt
bugs		:
bogomips	: 4789.35
clflush size	: 64
cache_alignment	: 64
address sizes	: 36 bits physical, 48 bits virtual
power management:

processor	: 5
vendor_id	: GenuineIntel
cpu family	: 6
model		: 42
model name	: Intel(R) Core(TM) i7-2760QM CPU @ 2.40GHz
stepping	: 7
microcode	: 0x28
cpu MHz		: 3199.968
cache size	: 6144 KB
physical id	: 0
siblings	: 8
core id		: 1
cpu cores	: 4
apicid		: 3
initial apicid	: 3
fpu		: yes
fpu_exception	: yes
cpuid level	: 13
wp		: yes
flags		: fpu vme de pse tsc msr pae mce cx8 apic sep mtrr pge mca cmov pat pse36 clflush dts acpi mmx fxsr sse sse2 ss ht tm pbe syscall nx rdtscp lm constant_tsc arch_perfmon pebs bts rep_good nopl xtopology nonstop_tsc aperfmperf eagerfpu pni pclmulqdq dtes64 monitor ds_cpl vmx smx est tm2 ssse3 cx16 xtpr pdcm pcid sse4_1 sse4_2 x2apic popcnt tsc_deadline_timer aes xsave avx lahf_lm ida arat epb pln pts dtherm tpr_shadow vnmi flexpriority ept vpid xsaveopt
bugs		:
bogomips	: 4789.35
clflush size	: 64
cache_alignment	: 64
address sizes	: 36 bits physical, 48 bits virtual
power management:

processor	: 6
vendor_id	: GenuineIntel
cpu family	: 6
model		: 42
model name	: Intel(R) Core(TM) i7-2760QM CPU @ 2.40GHz
stepping	: 7
microcode	: 0x28
cpu MHz		: 3199.968
cache size	: 6144 KB
physical id	: 0
siblings	: 8
core id		: 2
cpu cores	: 4
apicid		: 5
initial apicid	: 5
fpu		: yes
fpu_exception	: yes
cpuid level	: 13
wp		: yes
flags		: fpu vme de pse tsc msr pae mce cx8 apic sep mtrr pge mca cmov pat pse36 clflush dts acpi mmx fxsr sse sse2 ss ht tm pbe syscall nx rdtscp lm constant_tsc arch_perfmon pebs bts rep_good nopl xtopology nonstop_tsc aperfmperf eagerfpu pni pclmulqdq dtes64 monitor ds_cpl vmx smx est tm2 ssse3 cx16 xtpr pdcm pcid sse4_1 sse4_2 x2apic popcnt tsc_deadline_timer aes xsave avx lahf_lm ida arat epb pln pts dtherm tpr_shadow vnmi flexpriority ept vpid xsaveopt
bugs		:
bogomips	: 4789.35
clflush size	: 64
cache_alignment	: 64
address sizes	: 36 bits physical, 48 bits virtual
power management:

processor	: 7
vendor_id	: GenuineIntel
cpu family	: 6
model		: 42
model name	: Intel(R) Core(TM) i7-2760QM CPU @ 2.40GHz
stepping	: 7
microcode	: 0x28
cpu MHz		: 3199.968
cache size	: 6144 KB
physical id	: 0
siblings	: 8
core id		: 3
cpu cores	: 4
apicid		: 7
initial apicid	: 7
fpu		: yes
fpu_exception	: yes
cpuid level	: 13
wp		: yes
flags		: fpu vme de pse tsc msr pae mce cx8 apic sep mtrr pge mca cmov pat pse36 clflush dts acpi mmx fxsr sse sse2 ss ht tm pbe syscall nx rdtscp lm constant_tsc arch_perfmon pebs bts rep_good nopl xtopology nonstop_tsc aperfmperf eagerfpu pni pclmulqdq dtes64 monitor ds_cpl vmx smx est tm2 ssse3 cx16 xtpr pdcm pcid sse4_1 sse4_2 x2apic popcnt tsc_deadline_timer aes xsave avx lahf_lm ida arat epb pln pts dtherm tpr_shadow vnmi flexpriority ept vpid xsaveopt
bugs		:
bogomips	: 4789.35
clflush size	: 64
cache_alignment	: 64
address sizes	: 36 bits physical, 48 bits virtual
power management:



Memory: 4k page, physical 8052584k(411040k free), swap 4071420k(4061664k free)

vm_info: Java HotSpot(TM) 64-Bit Server VM (25.74-b02) for linux-amd64 JRE (1.8.0_74-b02), built on Jan 29 2016 19:20:56 by "java_re" with gcc 4.3.0 20080428 (Red Hat 4.3.0-8)

time: Tue Mar  8 13:59:00 2016
elapsed time: 9114 seconds (0d 2h 31m 54s)

