#
# A fatal error has been detected by the Java Runtime Environment:
#
#  SIGSEGV (0xb) at pc=0x00007fb7eeed53ce, pid=10378, tid=140427985307392
#
# JRE version:  (8.0_74-b02) (build )
# Java VM: Java HotSpot(TM) 64-Bit Server VM (25.74-b02 mixed mode linux-amd64 compressed oops)
# Problematic frame:
# V  [libjvm.so+0x7ca3ce]  klassVtable::update_inherited_vtable(InstanceKlass*, methodHandle, int, int, bool, Thread*)+0x23e
#
# Failed to write core dump. Core dumps have been disabled. To enable core dumping, try "ulimit -c unlimited" before starting Java again
#
# If you would like to submit a bug report, please visit:
#   http://bugreport.java.com/bugreport/crash.jsp
#

---------------  T H R E A D  ---------------

Current thread (0x00007fb7e800a000):  JavaThread "Unknown thread" [_thread_in_vm, id=10384, stack(0x00007fb7f01e4000,0x00007fb7f02e5000)]

siginfo: si_signo: 11 (SIGSEGV), si_code: 1 (SEGV_MAPERR), si_addr: 0x0000000000000008

Registers:
RAX=0x000000010000fbf8, RBX=0x00007fb7f016f330, RCX=0x00007fb7d88873b8, RDX=0x00007fb7e8064fc0
RSP=0x00007fb7f02e3780, RBP=0x00007fb7f02e38e0, RSI=0x00007fb7d8887368, RDI=0x0000000000000003
R8 =0x00007fb7e8007810, R9 =0x0000000000000003, R10=0x0000000000000002, R11=0x0000000000000001
R12=0x0000000000000000, R13=0x0000000000000000, R14=0x0000000000000198, R15=0x0000000000000033
RIP=0x00007fb7eeed53ce, EFLAGS=0x0000000000010202, CSGSFS=0x0000000000000033, ERR=0x0000000000000004
  TRAPNO=0x000000000000000e

Top of Stack: (sp=0x00007fb7f02e3780)
0x00007fb7f02e3780:   00007fb7eed480f5 0000000000000000
0x00007fb7f02e3790:   00007fb7f02e3890 00007fb7f02e38a0
0x00007fb7f02e37a0:   ffffffffffffffff 00007fb7e8064f00
0x00007fb7f02e37b0:   0000003400000000 00007fb7f02e3a00
0x00007fb7f02e37c0:   000000010000fa40 00007fb7e8064fc0
0x00007fb7f02e37d0:   00000000000000a0 0000000000000000
0x00007fb7f02e37e0:   0000000100003c70 00007fb7f016f330
0x00007fb7f02e37f0:   00007fb7f01656b0 00007fb7f0161a80
0x00007fb7f02e3800:   0000000100002368 0000000000000003
0x00007fb7f02e3810:   00007fb7d8882000 0000000000000001
0x00007fb7f02e3820:   00007fb7f01656b0 000000010000fa40
0x00007fb7f02e3830:   00000000000083b0 00007fb7e80076a0
0x00007fb7f02e3840:   00007fb7e80692f8 00007fb7e8064fe0
0x00007fb7f02e3850:   00007fb7e8061310 0000000000000000
0x00007fb7f02e3860:   00007fb7d88884c0 0000000000000000
0x00007fb7f02e3870:   00007fb7d8888508 0000000100003c70
0x00007fb7f02e3880:   000000010001c24f 00007fb7d8881eb8
0x00007fb7f02e3890:   0000001400000000 00007fb7ef0b1770
0x00007fb7f02e38a0:   00007fb7d8816f08 00007fb7e800a000
0x00007fb7f02e38b0:   0000000000000034 00007fb7e8007810
0x00007fb7f02e38c0:   0000000000000000 00007fb7d8891a08
0x00007fb7f02e38d0:   00007fb7e8064fc0 00007fb7e800a000
0x00007fb7f02e38e0:   00007fb7f02e3a40 00007fb7eeed6f78
0x00007fb7f02e38f0:   00007fb7e800a000 00007fb7e800ca38
0x00007fb7f02e3900:   00007fb7f02e39b0 00007fb7f02e3970
0x00007fb7f02e3910:   00007fb7f02e3a00 00007fb7f02e39f0
0x00007fb7f02e3920:   00000034000076a0 00007fb7d88914e8
0x00007fb7f02e3930:   0000003400000008 0000000000000000
0x00007fb7f02e3940:   00007fb7d88aa7c8 00000001eef9cfe9
0x00007fb7f02e3950:   0000000000000000 0000000000000004
0x00007fb7f02e3960:   0000000000000002 00000001e8005890
0x00007fb7f02e3970:   00007fb7e800a000 00007fb7e80076e0 

Instructions: (pc=0x00007fb7eeed53ce)
0x00007fb7eeed53ae:   ff 0f 8e d2 00 00 00 48 8b 95 e8 fe ff ff 48 8b
0x00007fb7eeed53be:   9d 08 ff ff ff 48 63 42 08 48 03 02 4e 8b 24 30
0x00007fb7eeed53ce:   49 8b 54 24 08 48 8b 72 08 0f b7 42 20 48 8d 4e
0x00007fb7eeed53de:   50 48 3b 1c c1 75 bb 0f b7 42 22 48 8b 04 c1 48 

Register to memory mapping:

RAX=0x000000010000fbf8 is pointing into metadata
RBX=0x00007fb7f016f330 is an unknown value
RCX=0x00007fb7d88873b8 is pointing into metadata
RDX=0x00007fb7e8064fc0 is an unknown value
RSP=0x00007fb7f02e3780 is an unknown value
RBP=0x00007fb7f02e38e0 is an unknown value
RSI=0x00007fb7d8887368 is pointing into metadata
RDI=0x0000000000000003 is an unknown value
R8 =0x00007fb7e8007810 is an unknown value
R9 =0x0000000000000003 is an unknown value
R10=0x0000000000000002 is an unknown value
R11=0x0000000000000001 is an unknown value
R12=0x0000000000000000 is an unknown value
R13=0x0000000000000000 is an unknown value
R14=0x0000000000000198 is an unknown value
R15=0x0000000000000033 is an unknown value


Stack: [0x00007fb7f01e4000,0x00007fb7f02e5000],  sp=0x00007fb7f02e3780,  free space=1021k
Native frames: (J=compiled Java code, j=interpreted, Vv=VM code, C=native code)
V  [libjvm.so+0x7ca3ce]  klassVtable::update_inherited_vtable(InstanceKlass*, methodHandle, int, int, bool, Thread*)+0x23e
V  [libjvm.so+0x7cbf78]  klassVtable::initialize_vtable(bool, Thread*)+0x1d8
V  [libjvm.so+0xa83acb]  Universe::reinitialize_vtable_of(KlassHandle, Thread*)+0x17b
V  [libjvm.so+0xa83d8b]  universe_post_init()+0x15b
V  [libjvm.so+0x63936d]  init_globals()+0x10d
V  [libjvm.so+0xa6758e]  Threads::create_vm(JavaVMInitArgs*, bool*)+0x23e
V  [libjvm.so+0x6cd7e4]  JNI_CreateJavaVM+0x74
C  [libjli.so+0x745e]  JavaMain+0x9e
C  [libpthread.so.0+0x8182]  start_thread+0xc2


---------------  P R O C E S S  ---------------

Java Threads: ( => current thread )

Other Threads:

=>0x00007fb7e800a000 (exited) JavaThread "Unknown thread" [_thread_in_vm, id=10384, stack(0x00007fb7f01e4000,0x00007fb7f02e5000)]

VM state:not at safepoint (normal execution)

VM Mutex/Monitor currently owned by a thread: None

Heap:
 PSYoungGen      total 36864K, used 634K [0x00000000eab00000, 0x00000000ed400000, 0x0000000100000000)
  eden space 31744K, 2% used [0x00000000eab00000,0x00000000eab9eb90,0x00000000eca00000)
  from space 5120K, 0% used [0x00000000ecf00000,0x00000000ecf00000,0x00000000ed400000)
  to   space 5120K, 0% used [0x00000000eca00000,0x00000000eca00000,0x00000000ecf00000)
 ParOldGen       total 84992K, used 0K [0x00000000c0000000, 0x00000000c5300000, 0x00000000eab00000)
  object space 84992K, 0% used [0x00000000c0000000,0x00000000c0000000,0x00000000c5300000)
 Metaspace       used 752K, capacity 4480K, committed 4480K, reserved 1056768K
  class space    used 70K, capacity 384K, committed 384K, reserved 1048576K

Card table byte_map: [0x00007fb7ecdaa000,0x00007fb7ecfab000] byte_map_base: 0x00007fb7ec7aa000

Marking Bits: (ParMarkBitMap*) 0x00007fb7ef6c0260
 Begin Bits: [0x00007fb7ba000000, 0x00007fb7bb000000)
 End Bits:   [0x00007fb7bb000000, 0x00007fb7bc000000)

Polling page: 0x00007fb7f0307000

CodeCache: size=245760Kb used=293Kb max_used=293Kb free=245467Kb
 bounds [0x00007fb7d9000000, 0x00007fb7d9270000, 0x00007fb7e8000000]
 total_blobs=18 nmethods=0 adapters=0
 compilation: enabled

Compilation events (0 events):
No events

GC Heap History (0 events):
No events

Deoptimization events (0 events):
No events

Internal exceptions (0 events):
No events

Events (10 events):
Event: 0.073 loading class java/lang/Double
Event: 0.073 loading class java/lang/Double done
Event: 0.073 loading class java/lang/Byte
Event: 0.073 loading class java/lang/Byte done
Event: 0.073 loading class java/lang/Short
Event: 0.073 loading class java/lang/Short done
Event: 0.073 loading class java/lang/Integer
Event: 0.073 loading class java/lang/Integer done
Event: 0.073 loading class java/lang/Long
Event: 0.073 loading class java/lang/Long done


Dynamic libraries:
00400000-00401000 r-xp 00000000 08:01 9458649                            /usr/lib/jvm/java-8-oracle/bin/java
00600000-00601000 rw-p 00000000 08:01 9458649                            /usr/lib/jvm/java-8-oracle/bin/java
01cc4000-01ce5000 rw-p 00000000 00:00 0                                  [heap]
c0000000-c5300000 rw-p 00000000 00:00 0 
c5300000-eab00000 ---p 00000000 00:00 0 
eab00000-ed400000 rw-p 00000000 00:00 0 
ed400000-100000000 ---p 00000000 00:00 0 
100000000-100060000 rw-p 00000000 00:00 0 
100060000-140000000 ---p 00000000 00:00 0 
7fb7b4000000-7fb7b4021000 rw-p 00000000 00:00 0 
7fb7b4021000-7fb7b8000000 ---p 00000000 00:00 0 
7fb7ba000000-7fb7bc000000 rw-p 00000000 00:00 0 
7fb7bc000000-7fb7bc021000 rw-p 00000000 00:00 0 
7fb7bc021000-7fb7c0000000 ---p 00000000 00:00 0 
7fb7c0000000-7fb7c0021000 rw-p 00000000 00:00 0 
7fb7c0021000-7fb7c4000000 ---p 00000000 00:00 0 
7fb7c4000000-7fb7c4021000 rw-p 00000000 00:00 0 
7fb7c4021000-7fb7c8000000 ---p 00000000 00:00 0 
7fb7c8000000-7fb7c8021000 rw-p 00000000 00:00 0 
7fb7c8021000-7fb7cc000000 ---p 00000000 00:00 0 
7fb7cc000000-7fb7cc021000 rw-p 00000000 00:00 0 
7fb7cc021000-7fb7d0000000 ---p 00000000 00:00 0 
7fb7d0000000-7fb7d0021000 rw-p 00000000 00:00 0 
7fb7d0021000-7fb7d4000000 ---p 00000000 00:00 0 
7fb7d4000000-7fb7d4021000 rw-p 00000000 00:00 0 
7fb7d4021000-7fb7d8000000 ---p 00000000 00:00 0 
7fb7d8492000-7fb7d8628000 rw-p 00000000 00:00 0 
7fb7d8628000-7fb7d8800000 r--s 03d1d000 08:01 9461584                    /usr/lib/jvm/java-8-oracle/jre/lib/rt.jar
7fb7d8800000-7fb7d8c00000 rw-p 00000000 00:00 0 
7fb7d8c00000-7fb7d9000000 ---p 00000000 00:00 0 
7fb7d9000000-7fb7d9270000 rwxp 00000000 00:00 0 
7fb7d9270000-7fb7e8000000 ---p 00000000 00:00 0 
7fb7e8000000-7fb7e808f000 rw-p 00000000 00:00 0 
7fb7e808f000-7fb7ec000000 ---p 00000000 00:00 0 
7fb7ec0e7000-7fb7ec44c000 rw-p 00000000 00:00 0 
7fb7ec44c000-7fb7ec44d000 ---p 00000000 00:00 0 
7fb7ec44d000-7fb7ec54d000 rw-p 00000000 00:00 0                          [stack:10473]
7fb7ec54d000-7fb7ec54e000 ---p 00000000 00:00 0 
7fb7ec54e000-7fb7ec64e000 rw-p 00000000 00:00 0                          [stack:10472]
7fb7ec64e000-7fb7ec64f000 ---p 00000000 00:00 0 
7fb7ec64f000-7fb7ec74f000 rw-p 00000000 00:00 0                          [stack:10467]
7fb7ec74f000-7fb7ec750000 ---p 00000000 00:00 0 
7fb7ec750000-7fb7ec850000 rw-p 00000000 00:00 0                          [stack:10461]
7fb7ec850000-7fb7ec851000 ---p 00000000 00:00 0 
7fb7ec851000-7fb7ec951000 rw-p 00000000 00:00 0                          [stack:10458]
7fb7ec951000-7fb7ec952000 ---p 00000000 00:00 0 
7fb7ec952000-7fb7eca52000 rw-p 00000000 00:00 0                          [stack:10456]
7fb7eca52000-7fb7eca53000 ---p 00000000 00:00 0 
7fb7eca53000-7fb7ecb53000 rw-p 00000000 00:00 0                          [stack:10449]
7fb7ecb53000-7fb7ecb54000 ---p 00000000 00:00 0 
7fb7ecb54000-7fb7ecc7e000 rw-p 00000000 00:00 0                          [stack:10445]
7fb7ecc7e000-7fb7ecdaa000 ---p 00000000 00:00 0 
7fb7ecdaa000-7fb7ecdd4000 rw-p 00000000 00:00 0 
7fb7ecdd4000-7fb7eceff000 ---p 00000000 00:00 0 
7fb7eceff000-7fb7ecf14000 rw-p 00000000 00:00 0 
7fb7ecf14000-7fb7ecfaa000 ---p 00000000 00:00 0 
7fb7ecfaa000-7fb7ecfb5000 rw-p 00000000 00:00 0 
7fb7ecfb5000-7fb7ed36b000 ---p 00000000 00:00 0 
7fb7ed36b000-7fb7ed385000 r-xp 00000000 08:01 9460620                    /usr/lib/jvm/java-8-oracle/jre/lib/amd64/libzip.so
7fb7ed385000-7fb7ed585000 ---p 0001a000 08:01 9460620                    /usr/lib/jvm/java-8-oracle/jre/lib/amd64/libzip.so
7fb7ed585000-7fb7ed586000 rw-p 0001a000 08:01 9460620                    /usr/lib/jvm/java-8-oracle/jre/lib/amd64/libzip.so
7fb7ed586000-7fb7ed591000 r-xp 00000000 08:01 14190539                   /lib/x86_64-linux-gnu/libnss_files-2.19.so
7fb7ed591000-7fb7ed790000 ---p 0000b000 08:01 14190539                   /lib/x86_64-linux-gnu/libnss_files-2.19.so
7fb7ed790000-7fb7ed791000 r--p 0000a000 08:01 14190539                   /lib/x86_64-linux-gnu/libnss_files-2.19.so
7fb7ed791000-7fb7ed792000 rw-p 0000b000 08:01 14190539                   /lib/x86_64-linux-gnu/libnss_files-2.19.so
7fb7ed792000-7fb7ed79d000 r-xp 00000000 08:01 14190511                   /lib/x86_64-linux-gnu/libnss_nis-2.19.so
7fb7ed79d000-7fb7ed99c000 ---p 0000b000 08:01 14190511                   /lib/x86_64-linux-gnu/libnss_nis-2.19.so
7fb7ed99c000-7fb7ed99d000 r--p 0000a000 08:01 14190511                   /lib/x86_64-linux-gnu/libnss_nis-2.19.so
7fb7ed99d000-7fb7ed99e000 rw-p 0000b000 08:01 14190511                   /lib/x86_64-linux-gnu/libnss_nis-2.19.so
7fb7ed99e000-7fb7ed9b5000 r-xp 00000000 08:01 14190505                   /lib/x86_64-linux-gnu/libnsl-2.19.so
7fb7ed9b5000-7fb7edbb4000 ---p 00017000 08:01 14190505                   /lib/x86_64-linux-gnu/libnsl-2.19.so
7fb7edbb4000-7fb7edbb5000 r--p 00016000 08:01 14190505                   /lib/x86_64-linux-gnu/libnsl-2.19.so
7fb7edbb5000-7fb7edbb6000 rw-p 00017000 08:01 14190505                   /lib/x86_64-linux-gnu/libnsl-2.19.so
7fb7edbb6000-7fb7edbb8000 rw-p 00000000 00:00 0 
7fb7edbb8000-7fb7edbc1000 r-xp 00000000 08:01 14190495                   /lib/x86_64-linux-gnu/libnss_compat-2.19.so
7fb7edbc1000-7fb7eddc0000 ---p 00009000 08:01 14190495                   /lib/x86_64-linux-gnu/libnss_compat-2.19.so
7fb7eddc0000-7fb7eddc1000 r--p 00008000 08:01 14190495                   /lib/x86_64-linux-gnu/libnss_compat-2.19.so
7fb7eddc1000-7fb7eddc2000 rw-p 00009000 08:01 14190495                   /lib/x86_64-linux-gnu/libnss_compat-2.19.so
7fb7eddc2000-7fb7eddec000 r-xp 00000000 08:01 9459187                    /usr/lib/jvm/java-8-oracle/jre/lib/amd64/libjava.so
7fb7eddec000-7fb7edfec000 ---p 0002a000 08:01 9459187                    /usr/lib/jvm/java-8-oracle/jre/lib/amd64/libjava.so
7fb7edfec000-7fb7edfee000 rw-p 0002a000 08:01 9459187                    /usr/lib/jvm/java-8-oracle/jre/lib/amd64/libjava.so
7fb7edfee000-7fb7edffb000 r-xp 00000000 08:01 9459184                    /usr/lib/jvm/java-8-oracle/jre/lib/amd64/libverify.so
7fb7edffb000-7fb7ee1fb000 ---p 0000d000 08:01 9459184                    /usr/lib/jvm/java-8-oracle/jre/lib/amd64/libverify.so
7fb7ee1fb000-7fb7ee1fd000 rw-p 0000d000 08:01 9459184                    /usr/lib/jvm/java-8-oracle/jre/lib/amd64/libverify.so
7fb7ee1fd000-7fb7ee204000 r-xp 00000000 08:01 14190520                   /lib/x86_64-linux-gnu/librt-2.19.so
7fb7ee204000-7fb7ee403000 ---p 00007000 08:01 14190520                   /lib/x86_64-linux-gnu/librt-2.19.so
7fb7ee403000-7fb7ee404000 r--p 00006000 08:01 14190520                   /lib/x86_64-linux-gnu/librt-2.19.so
7fb7ee404000-7fb7ee405000 rw-p 00007000 08:01 14190520                   /lib/x86_64-linux-gnu/librt-2.19.so
7fb7ee405000-7fb7ee50a000 r-xp 00000000 08:01 14190490                   /lib/x86_64-linux-gnu/libm-2.19.so
7fb7ee50a000-7fb7ee709000 ---p 00105000 08:01 14190490                   /lib/x86_64-linux-gnu/libm-2.19.so
7fb7ee709000-7fb7ee70a000 r--p 00104000 08:01 14190490                   /lib/x86_64-linux-gnu/libm-2.19.so
7fb7ee70a000-7fb7ee70b000 rw-p 00105000 08:01 14190490                   /lib/x86_64-linux-gnu/libm-2.19.so
7fb7ee70b000-7fb7ef3ca000 r-xp 00000000 08:01 9460603                    /usr/lib/jvm/java-8-oracle/jre/lib/amd64/server/libjvm.so
7fb7ef3ca000-7fb7ef5c9000 ---p 00cbf000 08:01 9460603                    /usr/lib/jvm/java-8-oracle/jre/lib/amd64/server/libjvm.so
7fb7ef5c9000-7fb7ef6a2000 rw-p 00cbe000 08:01 9460603                    /usr/lib/jvm/java-8-oracle/jre/lib/amd64/server/libjvm.so
7fb7ef6a2000-7fb7ef6eb000 rw-p 00000000 00:00 0 
7fb7ef6eb000-7fb7ef8a6000 r-xp 00000000 08:01 14190521                   /lib/x86_64-linux-gnu/libc-2.19.so
7fb7ef8a6000-7fb7efaa5000 ---p 001bb000 08:01 14190521                   /lib/x86_64-linux-gnu/libc-2.19.so
7fb7efaa5000-7fb7efaa9000 r--p 001ba000 08:01 14190521                   /lib/x86_64-linux-gnu/libc-2.19.so
7fb7efaa9000-7fb7efaab000 rw-p 001be000 08:01 14190521                   /lib/x86_64-linux-gnu/libc-2.19.so
7fb7efaab000-7fb7efab0000 rw-p 00000000 00:00 0 
7fb7efab0000-7fb7efab3000 r-xp 00000000 08:01 14190492                   /lib/x86_64-linux-gnu/libdl-2.19.so
7fb7efab3000-7fb7efcb2000 ---p 00003000 08:01 14190492                   /lib/x86_64-linux-gnu/libdl-2.19.so
7fb7efcb2000-7fb7efcb3000 r--p 00002000 08:01 14190492                   /lib/x86_64-linux-gnu/libdl-2.19.so
7fb7efcb3000-7fb7efcb4000 rw-p 00003000 08:01 14190492                   /lib/x86_64-linux-gnu/libdl-2.19.so
7fb7efcb4000-7fb7efcc9000 r-xp 00000000 08:01 9590469                    /usr/lib/jvm/java-8-oracle/lib/amd64/jli/libjli.so
7fb7efcc9000-7fb7efec9000 ---p 00015000 08:01 9590469                    /usr/lib/jvm/java-8-oracle/lib/amd64/jli/libjli.so
7fb7efec9000-7fb7efeca000 rw-p 00015000 08:01 9590469                    /usr/lib/jvm/java-8-oracle/lib/amd64/jli/libjli.so
7fb7efeca000-7fb7efee3000 r-xp 00000000 08:01 14190506                   /lib/x86_64-linux-gnu/libpthread-2.19.so
7fb7efee3000-7fb7f00e2000 ---p 00019000 08:01 14190506                   /lib/x86_64-linux-gnu/libpthread-2.19.so
7fb7f00e2000-7fb7f00e3000 r--p 00018000 08:01 14190506                   /lib/x86_64-linux-gnu/libpthread-2.19.so
7fb7f00e3000-7fb7f00e4000 rw-p 00019000 08:01 14190506                   /lib/x86_64-linux-gnu/libpthread-2.19.so
7fb7f00e4000-7fb7f00e8000 rw-p 00000000 00:00 0 
7fb7f00e8000-7fb7f010b000 r-xp 00000000 08:01 14190509                   /lib/x86_64-linux-gnu/ld-2.19.so
7fb7f0110000-7fb7f01e4000 rw-p 00000000 00:00 0 
7fb7f01e4000-7fb7f01e7000 ---p 00000000 00:00 0 
7fb7f01e7000-7fb7f02fe000 rw-p 00000000 00:00 0                          [stack:10384]
7fb7f02fe000-7fb7f0306000 rw-s 00000000 08:01 20098433                   /tmp/hsperfdata_james/10378
7fb7f0306000-7fb7f0307000 rw-p 00000000 00:00 0 
7fb7f0307000-7fb7f0308000 r--p 00000000 00:00 0 
7fb7f0308000-7fb7f030a000 rw-p 00000000 00:00 0 
7fb7f030a000-7fb7f030b000 r--p 00022000 08:01 14190509                   /lib/x86_64-linux-gnu/ld-2.19.so
7fb7f030b000-7fb7f030c000 rw-p 00023000 08:01 14190509                   /lib/x86_64-linux-gnu/ld-2.19.so
7fb7f030c000-7fb7f030d000 rw-p 00000000 00:00 0 
7ffdeca09000-7ffdeca2a000 rw-p 00000000 00:00 0                          [stack]
7ffdecbd9000-7ffdecbdb000 r--p 00000000 00:00 0                          [vvar]
7ffdecbdb000-7ffdecbdd000 r-xp 00000000 00:00 0                          [vdso]
ffffffffff600000-ffffffffff601000 r-xp 00000000 00:00 0                  [vsyscall]

VM Arguments:
jvm_args: -Djava.awt.headless=true -Xmx1024M -Dfile.encoding=UTF-8 -Duser.country=US -Duser.language=en -Duser.variant 
java_command: com.android.dx.command.Main --dex --num-threads=4 --output /home/james/AndroidStudioProjects/Group#19_HW5/app/build/intermediates/pre-dexed/debug/internal_impl-23.1.1_9c601224087c202857c5d707fce97035a0985f6f.jar /home/james/AndroidStudioProjects/Group#19_HW5/app/build/intermediates/exploded-aar/com.android.support/support-v4/23.1.1/jars/libs/internal_impl-23.1.1.jar
java_class_path (initial): /home/james/Android/Sdk/build-tools/23.0.2/lib/dx.jar
Launcher Type: SUN_STANDARD

Environment Variables:
PATH=/home/james/.rvm/gems/ruby-2.2.3/bin:/home/james/.rvm/gems/ruby-2.2.3@global/bin:/home/james/.rvm/rubies/ruby-2.2.3/bin:/home/james/.dropbox-bin:/usr/local/sbin:/usr/local/bin:/usr/sbin:/usr/bin:/sbin:/bin:/usr/games:/usr/local/games:/home/james/.rvm/bin
LD_LIBRARY_PATH=/opt/android-studio/bin:
SHELL=/bin/bash
DISPLAY=:0

Signal Handlers:
SIGSEGV: [libjvm.so+0xabb070], sa_mask[0]=11111111011111111101111111111110, sa_flags=SA_RESTART|SA_SIGINFO
SIGBUS: [libjvm.so+0xabb070], sa_mask[0]=11111111011111111101111111111110, sa_flags=SA_RESTART|SA_SIGINFO
SIGFPE: [libjvm.so+0x918480], sa_mask[0]=11111111011111111101111111111110, sa_flags=SA_RESTART|SA_SIGINFO
SIGPIPE: [libjvm.so+0x918480], sa_mask[0]=11111111011111111101111111111110, sa_flags=SA_RESTART|SA_SIGINFO
SIGXFSZ: [libjvm.so+0x918480], sa_mask[0]=11111111011111111101111111111110, sa_flags=SA_RESTART|SA_SIGINFO
SIGILL: [libjvm.so+0x918480], sa_mask[0]=11111111011111111101111111111110, sa_flags=SA_RESTART|SA_SIGINFO
SIGUSR1: SIG_DFL, sa_mask[0]=00000000000000000000000000000000, sa_flags=none
SIGUSR2: [libjvm.so+0x919ab0], sa_mask[0]=00100000000000000000000000000000, sa_flags=SA_RESTART|SA_SIGINFO
SIGHUP: SIG_DFL, sa_mask[0]=00000000000000000000000000000000, sa_flags=none
SIGINT: SIG_DFL, sa_mask[0]=00000000000000000000000000000000, sa_flags=none
SIGTERM: SIG_DFL, sa_mask[0]=00000000000000000000000000000000, sa_flags=none
SIGQUIT: SIG_DFL, sa_mask[0]=00000000000000000000000000000000, sa_flags=none


---------------  S Y S T E M  ---------------

OS:DISTRIB_ID="elementary OS"
DISTRIB_RELEASE=0.3.2
DISTRIB_CODENAME=freya
DISTRIB_DESCRIPTION="elementary OS Freya"

uname:Linux 3.19.0-51-generic #58~14.04.1-Ubuntu SMP Fri Feb 26 22:02:58 UTC 2016 x86_64
libc:glibc 2.19 NPTL 2.19 
rlimit: STACK 8192k, CORE 0k, NPROC 31334, NOFILE 4096, AS infinity
load average:0.73 0.59 0.58

/proc/meminfo:
MemTotal:        8052584 kB
MemFree:          568476 kB
MemAvailable:    3140372 kB
Buffers:          491616 kB
Cached:          2425752 kB
SwapCached:           52 kB
Active:          4549176 kB
Inactive:        2013108 kB
Active(anon):    3235968 kB
Inactive(anon):   839884 kB
Active(file):    1313208 kB
Inactive(file):  1173224 kB
Unevictable:          96 kB
Mlocked:              96 kB
SwapTotal:       4071420 kB
SwapFree:        4071100 kB
Dirty:             44680 kB
Writeback:             0 kB
AnonPages:       3645016 kB
Mapped:           905696 kB
Shmem:            430940 kB
Slab:             388948 kB
SReclaimable:     338880 kB
SUnreclaim:        50068 kB
KernelStack:       14000 kB
PageTables:        58248 kB
NFS_Unstable:          0 kB
Bounce:                0 kB
WritebackTmp:          0 kB
CommitLimit:     8097712 kB
Committed_AS:   10996864 kB
VmallocTotal:   34359738367 kB
VmallocUsed:      358520 kB
VmallocChunk:   34359374832 kB
HardwareCorrupted:     0 kB
AnonHugePages:   2017280 kB
CmaTotal:              0 kB
CmaFree:               0 kB
HugePages_Total:       0
HugePages_Free:        0
HugePages_Rsvd:        0
HugePages_Surp:        0
Hugepagesize:       2048 kB
DirectMap4k:      220624 kB
DirectMap2M:     8046592 kB


CPU:total 8 (4 cores per cpu, 2 threads per core) family 6 model 42 stepping 7, cmov, cx8, fxsr, mmx, sse, sse2, sse3, ssse3, sse4.1, sse4.2, popcnt, avx, aes, clmul, ht, tsc, tscinvbit

/proc/cpuinfo:
processor	: 0
vendor_id	: GenuineIntel
cpu family	: 6
model		: 42
model name	: Intel(R) Core(TM) i7-2760QM CPU @ 2.40GHz
stepping	: 7
microcode	: 0x28
cpu MHz		: 3199.968
cache size	: 6144 KB
physical id	: 0
siblings	: 8
core id		: 0
cpu cores	: 4
apicid		: 0
initial apicid	: 0
fpu		: yes
fpu_exception	: yes
cpuid level	: 13
wp		: yes
flags		: fpu vme de pse tsc msr pae mce cx8 apic sep mtrr pge mca cmov pat pse36 clflush dts acpi mmx fxsr sse sse2 ss ht tm pbe syscall nx rdtscp lm constant_tsc arch_perfmon pebs bts rep_good nopl xtopology nonstop_tsc aperfmperf eagerfpu pni pclmulqdq dtes64 monitor ds_cpl vmx smx est tm2 ssse3 cx16 xtpr pdcm pcid sse4_1 sse4_2 x2apic popcnt tsc_deadline_timer aes xsave avx lahf_lm ida arat epb pln pts dtherm tpr_shadow vnmi flexpriority ept vpid xsaveopt
bugs		:
bogomips	: 4789.35
clflush size	: 64
cache_alignment	: 64
address sizes	: 36 bits physical, 48 bits virtual
power management:

processor	: 1
vendor_id	: GenuineIntel
cpu family	: 6
model		: 42
model name	: Intel(R) Core(TM) i7-2760QM CPU @ 2.40GHz
stepping	: 7
microcode	: 0x28
cpu MHz		: 3199.968
cache size	: 6144 KB
physical id	: 0
siblings	: 8
core id		: 1
cpu cores	: 4
apicid		: 2
initial apicid	: 2
fpu		: yes
fpu_exception	: yes
cpuid level	: 13
wp		: yes
flags		: fpu vme de pse tsc msr pae mce cx8 apic sep mtrr pge mca cmov pat pse36 clflush dts acpi mmx fxsr sse sse2 ss ht tm pbe syscall nx rdtscp lm constant_tsc arch_perfmon pebs bts rep_good nopl xtopology nonstop_tsc aperfmperf eagerfpu pni pclmulqdq dtes64 monitor ds_cpl vmx smx est tm2 ssse3 cx16 xtpr pdcm pcid sse4_1 sse4_2 x2apic popcnt tsc_deadline_timer aes xsave avx lahf_lm ida arat epb pln pts dtherm tpr_shadow vnmi flexpriority ept vpid xsaveopt
bugs		:
bogomips	: 4789.35
clflush size	: 64
cache_alignment	: 64
address sizes	: 36 bits physical, 48 bits virtual
power management:

processor	: 2
vendor_id	: GenuineIntel
cpu family	: 6
model		: 42
model name	: Intel(R) Core(TM) i7-2760QM CPU @ 2.40GHz
stepping	: 7
microcode	: 0x28
cpu MHz		: 3199.968
cache size	: 6144 KB
physical id	: 0
siblings	: 8
core id		: 2
cpu cores	: 4
apicid		: 4
initial apicid	: 4
fpu		: yes
fpu_exception	: yes
cpuid level	: 13
wp		: yes
flags		: fpu vme de pse tsc msr pae mce cx8 apic sep mtrr pge mca cmov pat pse36 clflush dts acpi mmx fxsr sse sse2 ss ht tm pbe syscall nx rdtscp lm constant_tsc arch_perfmon pebs bts rep_good nopl xtopology nonstop_tsc aperfmperf eagerfpu pni pclmulqdq dtes64 monitor ds_cpl vmx smx est tm2 ssse3 cx16 xtpr pdcm pcid sse4_1 sse4_2 x2apic popcnt tsc_deadline_timer aes xsave avx lahf_lm ida arat epb pln pts dtherm tpr_shadow vnmi flexpriority ept vpid xsaveopt
bugs		:
bogomips	: 4789.35
clflush size	: 64
cache_alignment	: 64
address sizes	: 36 bits physical, 48 bits virtual
power management:

processor	: 3
vendor_id	: GenuineIntel
cpu family	: 6
model		: 42
model name	: Intel(R) Core(TM) i7-2760QM CPU @ 2.40GHz
stepping	: 7
microcode	: 0x28
cpu MHz		: 3199.968
cache size	: 6144 KB
physical id	: 0
siblings	: 8
core id		: 3
cpu cores	: 4
apicid		: 6
initial apicid	: 6
fpu		: yes
fpu_exception	: yes
cpuid level	: 13
wp		: yes
flags		: fpu vme de pse tsc msr pae mce cx8 apic sep mtrr pge mca cmov pat pse36 clflush dts acpi mmx fxsr sse sse2 ss ht tm pbe syscall nx rdtscp lm constant_tsc arch_perfmon pebs bts rep_good nopl xtopology nonstop_tsc aperfmperf eagerfpu pni pclmulqdq dtes64 monitor ds_cpl vmx smx est tm2 ssse3 cx16 xtpr pdcm pcid sse4_1 sse4_2 x2apic popcnt tsc_deadline_timer aes xsave avx lahf_lm ida arat epb pln pts dtherm tpr_shadow vnmi flexpriority ept vpid xsaveopt
bugs		:
bogomips	: 4789.35
clflush size	: 64
cache_alignment	: 64
address sizes	: 36 bits physical, 48 bits virtual
power management:

processor	: 4
vendor_id	: GenuineIntel
cpu family	: 6
model		: 42
model name	: Intel(R) Core(TM) i7-2760QM CPU @ 2.40GHz
stepping	: 7
microcode	: 0x28
cpu MHz		: 3199.968
cache size	: 6144 KB
physical id	: 0
siblings	: 8
core id		: 0
cpu cores	: 4
apicid		: 1
initial apicid	: 1
fpu		: yes
fpu_exception	: yes
cpuid level	: 13
wp		: yes
flags		: fpu vme de pse tsc msr pae mce cx8 apic sep mtrr pge mca cmov pat pse36 clflush dts acpi mmx fxsr sse sse2 ss ht tm pbe syscall nx rdtscp lm constant_tsc arch_perfmon pebs bts rep_good nopl xtopology nonstop_tsc aperfmperf eagerfpu pni pclmulqdq dtes64 monitor ds_cpl vmx smx est tm2 ssse3 cx16 xtpr pdcm pcid sse4_1 sse4_2 x2apic popcnt tsc_deadline_timer aes xsave avx lahf_lm ida arat epb pln pts dtherm tpr_shadow vnmi flexpriority ept vpid xsaveopt
bugs		:
bogomips	: 4789.35
clflush size	: 64
cache_alignment	: 64
address sizes	: 36 bits physical, 48 bits virtual
power management:

processor	: 5
vendor_id	: GenuineIntel
cpu family	: 6
model		: 42
model name	: Intel(R) Core(TM) i7-2760QM CPU @ 2.40GHz
stepping	: 7
microcode	: 0x28
cpu MHz		: 3199.968
cache size	: 6144 KB
physical id	: 0
siblings	: 8
core id		: 1
cpu cores	: 4
apicid		: 3
initial apicid	: 3
fpu		: yes
fpu_exception	: yes
cpuid level	: 13
wp		: yes
flags		: fpu vme de pse tsc msr pae mce cx8 apic sep mtrr pge mca cmov pat pse36 clflush dts acpi mmx fxsr sse sse2 ss ht tm pbe syscall nx rdtscp lm constant_tsc arch_perfmon pebs bts rep_good nopl xtopology nonstop_tsc aperfmperf eagerfpu pni pclmulqdq dtes64 monitor ds_cpl vmx smx est tm2 ssse3 cx16 xtpr pdcm pcid sse4_1 sse4_2 x2apic popcnt tsc_deadline_timer aes xsave avx lahf_lm ida arat epb pln pts dtherm tpr_shadow vnmi flexpriority ept vpid xsaveopt
bugs		:
bogomips	: 4789.35
clflush size	: 64
cache_alignment	: 64
address sizes	: 36 bits physical, 48 bits virtual
power management:

processor	: 6
vendor_id	: GenuineIntel
cpu family	: 6
model		: 42
model name	: Intel(R) Core(TM) i7-2760QM CPU @ 2.40GHz
stepping	: 7
microcode	: 0x28
cpu MHz		: 3199.968
cache size	: 6144 KB
physical id	: 0
siblings	: 8
core id		: 2
cpu cores	: 4
apicid		: 5
initial apicid	: 5
fpu		: yes
fpu_exception	: yes
cpuid level	: 13
wp		: yes
flags		: fpu vme de pse tsc msr pae mce cx8 apic sep mtrr pge mca cmov pat pse36 clflush dts acpi mmx fxsr sse sse2 ss ht tm pbe syscall nx rdtscp lm constant_tsc arch_perfmon pebs bts rep_good nopl xtopology nonstop_tsc aperfmperf eagerfpu pni pclmulqdq dtes64 monitor ds_cpl vmx smx est tm2 ssse3 cx16 xtpr pdcm pcid sse4_1 sse4_2 x2apic popcnt tsc_deadline_timer aes xsave avx lahf_lm ida arat epb pln pts dtherm tpr_shadow vnmi flexpriority ept vpid xsaveopt
bugs		:
bogomips	: 4789.35
clflush size	: 64
cache_alignment	: 64
address sizes	: 36 bits physical, 48 bits virtual
power management:

processor	: 7
vendor_id	: GenuineIntel
cpu family	: 6
model		: 42
model name	: Intel(R) Core(TM) i7-2760QM CPU @ 2.40GHz
stepping	: 7
microcode	: 0x28
cpu MHz		: 3199.968
cache size	: 6144 KB
physical id	: 0
siblings	: 8
core id		: 3
cpu cores	: 4
apicid		: 7
initial apicid	: 7
fpu		: yes
fpu_exception	: yes
cpuid level	: 13
wp		: yes
flags		: fpu vme de pse tsc msr pae mce cx8 apic sep mtrr pge mca cmov pat pse36 clflush dts acpi mmx fxsr sse sse2 ss ht tm pbe syscall nx rdtscp lm constant_tsc arch_perfmon pebs bts rep_good nopl xtopology nonstop_tsc aperfmperf eagerfpu pni pclmulqdq dtes64 monitor ds_cpl vmx smx est tm2 ssse3 cx16 xtpr pdcm pcid sse4_1 sse4_2 x2apic popcnt tsc_deadline_timer aes xsave avx lahf_lm ida arat epb pln pts dtherm tpr_shadow vnmi flexpriority ept vpid xsaveopt
bugs		:
bogomips	: 4789.35
clflush size	: 64
cache_alignment	: 64
address sizes	: 36 bits physical, 48 bits virtual
power management:



Memory: 4k page, physical 8052584k(566288k free), swap 4071420k(4071100k free)

vm_info: Java HotSpot(TM) 64-Bit Server VM (25.74-b02) for linux-amd64 JRE (1.8.0_74-b02), built on Jan 29 2016 19:20:56 by "java_re" with gcc 4.3.0 20080428 (Red Hat 4.3.0-8)

time: Tue Mar  8 11:52:25 2016
elapsed time: 0 seconds (0d 0h 0m 0s)

